<?xml version="1.0" encoding="UTF-8"?>
<!-- Generated by org.testng.reporters.JUnitReportReporter -->
<testsuite skipped="0" hostname="Hichem" name="StandAlone.JPEG_File_Full_RegressionTest" tests="32" failures="0" timestamp="2020-11-03T14:50:25 WAT" time="175.460" errors="0">
  <testcase name="Upload_jpg_File" time="6.593" classname="StandAlone.JPEG_File_Full_RegressionTest"/>
  <system-out/>
  <testcase name="Handle_StickyNote_On_jpg" time="4.029" classname="StandAlone.JPEG_File_Full_RegressionTest"/>
  <system-out/>
  <testcase name="Handle_FreeText_On_jpg" time="3.130" classname="StandAlone.JPEG_File_Full_RegressionTest"/>
  <system-out/>
  <testcase name="Handle_Circle___On_jpg" time="5.426" classname="StandAlone.JPEG_File_Full_RegressionTest"/>
  <system-out/>
  <testcase name="Handle_Arrow_On_jpg" time="20.917" classname="StandAlone.JPEG_File_Full_RegressionTest"/>
  <system-out/>
  <testcase name="Handle_Underline_On_jpg" time="5.693" classname="StandAlone.JPEG_File_Full_RegressionTest"/>
  <system-out/>
  <testcase name="Handle_freeHand_On_jpg" time="3.648" classname="StandAlone.JPEG_File_Full_RegressionTest"/>
  <system-out/>
  <testcase name="Handle_polyline_On_jpg" time="5.574" classname="StandAlone.JPEG_File_Full_RegressionTest"/>
  <system-out/>
  <testcase name="Handel_Polygone_On_jpg" time="5.327" classname="StandAlone.JPEG_File_Full_RegressionTest"/>
  <system-out/>
  <testcase name="Urgent_Stamp_On_jpg" time="3.558" classname="StandAlone.JPEG_File_Full_RegressionTest"/>
  <system-out/>
  <testcase name="Approved_Stamp_On_jpg" time="3.427" classname="StandAlone.JPEG_File_Full_RegressionTest"/>
  <system-out/>
  <testcase name="Draft_Stamp_On_jpg" time="4.536" classname="StandAlone.JPEG_File_Full_RegressionTest"/>
  <system-out/>
  <testcase name="Signature_Stamp_On_jpg" time="3.939" classname="StandAlone.JPEG_File_Full_RegressionTest"/>
  <system-out/>
  <testcase name="Free_Stamp_On_jpg" time="4.768" classname="StandAlone.JPEG_File_Full_RegressionTest"/>
  <system-out/>
  <testcase name="delete_Anotation_On_jpg" time="3.340" classname="StandAlone.JPEG_File_Full_RegressionTest"/>
  <system-out/>
  <testcase name="Refresh_After_Delete_Anotation_On_jpg" time="20.260" classname="StandAlone.JPEG_File_Full_RegressionTest"/>
  <system-out/>
  <testcase name="SAVE_DATA_ON_jpg" time="1.455" classname="StandAlone.JPEG_File_Full_RegressionTest"/>
  <system-out/>
  <testcase name="Refresh_After_Save_Anotation_On_jpg" time="0.193" classname="StandAlone.JPEG_File_Full_RegressionTest"/>
  <system-out/>
  <testcase name="Add_a_Signet_On_jpg" time="5.207" classname="StandAlone.JPEG_File_Full_RegressionTest"/>
  <system-out/>
  <testcase name="Delete_a_Signet_On_jpg" time="4.507" classname="StandAlone.JPEG_File_Full_RegressionTest"/>
  <system-out/>
  <testcase name="ADD_AN_ANCRE_On_jpg" time="21.655" classname="StandAlone.JPEG_File_Full_RegressionTest"/>
  <system-out/>
  <testcase name="SKIP_AN_ANCRE_On_jpg" time="21.292" classname="StandAlone.JPEG_File_Full_RegressionTest"/>
  <system-out/>
  <testcase name="ZoomIn_On_jpg" time="1.280" classname="StandAlone.JPEG_File_Full_RegressionTest"/>
  <system-out/>
  <testcase name="ZoomOut_On_jpg" time="0.874" classname="StandAlone.JPEG_File_Full_RegressionTest"/>
  <system-out/>
  <testcase name="ZoomInZone_On_jpg" time="0.765" classname="StandAlone.JPEG_File_Full_RegressionTest"/>
  <system-out/>
  <testcase name="Zoom_Adjust_On_jpg" time="0.733" classname="StandAlone.JPEG_File_Full_RegressionTest"/>
  <system-out/>
  <testcase name="Zoom_Text_Box_Control_On_jpg" time="2.474" classname="StandAlone.JPEG_File_Full_RegressionTest"/>
  <system-out/>
  <testcase name="Left_Rotation_Control_On_jpg" time="0.614" classname="StandAlone.JPEG_File_Full_RegressionTest"/>
  <system-out/>
  <testcase name="Right_Rotation_Control_On_jpg" time="0.706" classname="StandAlone.JPEG_File_Full_RegressionTest"/>
  <system-out/>
  <testcase name="Activate_Multiview_On_jpg" time="0.567" classname="StandAlone.JPEG_File_Full_RegressionTest"/>
  <system-out/>
  <testcase name="Desactivate_Multiview_On_jpg" time="0.091" classname="StandAlone.JPEG_File_Full_RegressionTest"/>
  <system-out/>
  <testcase name="Multi_Multiview_On_jpg" time="8.882" classname="StandAlone.JPEG_File_Full_RegressionTest"/>
  <system-out/>
</testsuite> <!-- StandAlone.JPEG_File_Full_RegressionTest -->
