<?xml version="1.0" encoding="UTF-8"?>
<!-- Generated by org.testng.reporters.JUnitReportReporter -->
<testsuite skipped="0" hostname="Hichem" name="StandAlone.Zip_File_FullRegressionTest" tests="32" failures="0" timestamp="2020-11-02T12:33:35 WAT" time="181.272" errors="0">
  <testcase name="Upload_zip_File" time="9.657" classname="StandAlone.Zip_File_FullRegressionTest"/>
  <system-out/>
  <testcase name="Handle_StickyNote_On_zip" time="3.963" classname="StandAlone.Zip_File_FullRegressionTest"/>
  <system-out/>
  <testcase name="Handle_FreeText_On_zip" time="3.200" classname="StandAlone.Zip_File_FullRegressionTest"/>
  <system-out/>
  <testcase name="Handle_Circle___On_zip" time="5.615" classname="StandAlone.Zip_File_FullRegressionTest"/>
  <system-out/>
  <testcase name="Handle_Arrow_On_zip" time="23.657" classname="StandAlone.Zip_File_FullRegressionTest"/>
  <system-out/>
  <testcase name="Handle_Underline_On_zip" time="5.864" classname="StandAlone.Zip_File_FullRegressionTest"/>
  <system-out/>
  <testcase name="Handle_freeHand_On_zip" time="3.091" classname="StandAlone.Zip_File_FullRegressionTest"/>
  <system-out/>
  <testcase name="Handle_polyline_On_zip" time="5.528" classname="StandAlone.Zip_File_FullRegressionTest"/>
  <system-out/>
  <testcase name="Handel_Polygone_On_zip" time="5.565" classname="StandAlone.Zip_File_FullRegressionTest"/>
  <system-out/>
  <testcase name="Urgent_Stamp_On_zip" time="3.807" classname="StandAlone.Zip_File_FullRegressionTest"/>
  <system-out/>
  <testcase name="Approved_Stamp_On_zip" time="3.329" classname="StandAlone.Zip_File_FullRegressionTest"/>
  <system-out/>
  <testcase name="Draft_Stamp_On_zip" time="3.609" classname="StandAlone.Zip_File_FullRegressionTest"/>
  <system-out/>
  <testcase name="Signature_Stamp_On_zip" time="3.888" classname="StandAlone.Zip_File_FullRegressionTest"/>
  <system-out/>
  <testcase name="Free_Stamp_On_zip" time="4.546" classname="StandAlone.Zip_File_FullRegressionTest"/>
  <system-out/>
  <testcase name="delete_Anotation_On_zip" time="3.293" classname="StandAlone.Zip_File_FullRegressionTest"/>
  <system-out/>
  <testcase name="Refresh_After_Delete_Anotation_On_zip" time="20.370" classname="StandAlone.Zip_File_FullRegressionTest"/>
  <system-out/>
  <testcase name="SAVE_DATA_ON_zip" time="1.601" classname="StandAlone.Zip_File_FullRegressionTest"/>
  <system-out/>
  <testcase name="Refresh_After_Save_Anotation_On_zip" time="0.202" classname="StandAlone.Zip_File_FullRegressionTest"/>
  <system-out/>
  <testcase name="Add_a_Signet_On_zip" time="5.333" classname="StandAlone.Zip_File_FullRegressionTest"/>
  <system-out/>
  <testcase name="Delete_a_Signet_On_zip" time="4.730" classname="StandAlone.Zip_File_FullRegressionTest"/>
  <system-out/>
  <testcase name="ADD_AN_ANCRE_On_zip" time="21.851" classname="StandAlone.Zip_File_FullRegressionTest"/>
  <system-out/>
  <testcase name="SKIP_AN_ANCRE_On_zip" time="21.457" classname="StandAlone.Zip_File_FullRegressionTest"/>
  <system-out/>
  <testcase name="ZoomIn_On_zip" time="1.636" classname="StandAlone.Zip_File_FullRegressionTest"/>
  <system-out/>
  <testcase name="ZoomOut_On_zip" time="1.012" classname="StandAlone.Zip_File_FullRegressionTest"/>
  <system-out/>
  <testcase name="ZoomInZone_On_zip" time="0.802" classname="StandAlone.Zip_File_FullRegressionTest"/>
  <system-out/>
  <testcase name="Zoom_Adjust_On_zip" time="0.880" classname="StandAlone.Zip_File_FullRegressionTest"/>
  <system-out/>
  <testcase name="Zoom_Text_Box_Control_On_zip" time="2.551" classname="StandAlone.Zip_File_FullRegressionTest"/>
  <system-out/>
  <testcase name="Left_Rotation_Control_On_zip" time="0.663" classname="StandAlone.Zip_File_FullRegressionTest"/>
  <system-out/>
  <testcase name="Right_Rotation_Control_On_zip" time="0.633" classname="StandAlone.Zip_File_FullRegressionTest"/>
  <system-out/>
  <testcase name="Activate_Multiview_On_zip" time="0.663" classname="StandAlone.Zip_File_FullRegressionTest"/>
  <system-out/>
  <testcase name="Desactivate_Multiview_On_zip" time="0.079" classname="StandAlone.Zip_File_FullRegressionTest"/>
  <system-out/>
  <testcase name="Multi_Multiview_On_zip" time="8.197" classname="StandAlone.Zip_File_FullRegressionTest"/>
  <system-out/>
</testsuite> <!-- StandAlone.Zip_File_FullRegressionTest -->
