<?xml version="1.0" encoding="UTF-8"?>
<!-- Generated by org.testng.reporters.JUnitReportReporter -->
<testsuite skipped="0" hostname="Hichem" name="StandAlone.Tiff_File_Full_RegressionTest" tests="32" failures="0" timestamp="2020-11-03T14:50:25 WAT" time="171.024" errors="1">
  <testcase name="Upload_tiff_File" time="11.453" classname="StandAlone.Tiff_File_Full_RegressionTest"/>
  <system-out/>
  <testcase name="Handle_StickyNote_On_tiff" time="3.979" classname="StandAlone.Tiff_File_Full_RegressionTest"/>
  <system-out/>
  <testcase name="Handle_FreeText_On_tiff" time="3.141" classname="StandAlone.Tiff_File_Full_RegressionTest"/>
  <system-out/>
  <testcase name="Handle_Circle___On_tiff" time="5.580" classname="StandAlone.Tiff_File_Full_RegressionTest"/>
  <system-out/>
  <testcase name="Handle_Arrow_On_tiff" time="21.401" classname="StandAlone.Tiff_File_Full_RegressionTest"/>
  <system-out/>
  <testcase name="Handle_Underline_On_tiff" time="5.752" classname="StandAlone.Tiff_File_Full_RegressionTest"/>
  <system-out/>
  <testcase name="Handle_freeHand_On_tiff" time="2.819" classname="StandAlone.Tiff_File_Full_RegressionTest"/>
  <system-out/>
  <testcase name="Handle_polyline_On_tiff" time="5.586" classname="StandAlone.Tiff_File_Full_RegressionTest"/>
  <system-out/>
  <testcase name="Handel_Polygone_On_tiff" time="5.229" classname="StandAlone.Tiff_File_Full_RegressionTest"/>
  <system-out/>
  <testcase name="Urgent_Stamp_On_tiff" time="3.589" classname="StandAlone.Tiff_File_Full_RegressionTest"/>
  <system-out/>
  <testcase name="Approved_Stamp_On_tiff" time="3.054" classname="StandAlone.Tiff_File_Full_RegressionTest"/>
  <system-out/>
  <testcase name="Draft_Stamp_On_tiff" time="3.714" classname="StandAlone.Tiff_File_Full_RegressionTest"/>
  <system-out/>
  <testcase name="Signature_Stamp_On_tiff" time="4.128" classname="StandAlone.Tiff_File_Full_RegressionTest"/>
  <system-out/>
  <testcase name="Free_Stamp_On_tiff" time="4.752" classname="StandAlone.Tiff_File_Full_RegressionTest"/>
  <system-out/>
  <testcase name="delete_Anotation_On_tiff" time="2.730" classname="StandAlone.Tiff_File_Full_RegressionTest"/>
  <system-out/>
  <testcase name="Refresh_After_Delete_Anotation_On_tiff" time="20.523" classname="StandAlone.Tiff_File_Full_RegressionTest"/>
  <system-out/>
  <testcase name="SAVE_DATA_ON_tiff" time="1.482" classname="StandAlone.Tiff_File_Full_RegressionTest"/>
  <system-out/>
  <testcase name="Refresh_After_Save_Anotation_On_tiff" time="0.190" classname="StandAlone.Tiff_File_Full_RegressionTest"/>
  <system-out/>
  <testcase name="Add_a_Signet_On_tiff" time="5.185" classname="StandAlone.Tiff_File_Full_RegressionTest"/>
  <system-out/>
  <testcase name="Delete_a_Signet_On_tiff" time="4.449" classname="StandAlone.Tiff_File_Full_RegressionTest"/>
  <system-out/>
  <testcase name="ADD_AN_ANCRE_On_tiff" time="21.586" classname="StandAlone.Tiff_File_Full_RegressionTest"/>
  <system-out/>
  <testcase name="SKIP_AN_ANCRE_On_tiff" time="21.297" classname="StandAlone.Tiff_File_Full_RegressionTest"/>
  <system-out/>
  <testcase name="ZoomIn_On_tiff" time="1.377" classname="StandAlone.Tiff_File_Full_RegressionTest"/>
  <system-out/>
  <testcase name="ZoomOut_On_tiff" time="0.782" classname="StandAlone.Tiff_File_Full_RegressionTest"/>
  <system-out/>
  <testcase name="ZoomInZone_On_tiff" time="0.650" classname="StandAlone.Tiff_File_Full_RegressionTest"/>
  <system-out/>
  <testcase name="Zoom_Adjust_On_tiff" time="0.704" classname="StandAlone.Tiff_File_Full_RegressionTest"/>
  <system-out/>
  <testcase name="Zoom_Text_Box_Control_On_tiff" time="2.503" classname="StandAlone.Tiff_File_Full_RegressionTest"/>
  <system-out/>
  <testcase name="Left_Rotation_Control_On_tiff" time="0.613" classname="StandAlone.Tiff_File_Full_RegressionTest"/>
  <system-out/>
  <testcase name="Right_Rotation_Control_On_tiff" time="0.932" classname="StandAlone.Tiff_File_Full_RegressionTest"/>
  <system-out/>
  <testcase name="Activate_Multiview_On_tiff" time="0.663" classname="StandAlone.Tiff_File_Full_RegressionTest"/>
  <system-out/>
  <testcase name="Desactivate_Multiview_On_tiff" time="0.120" classname="StandAlone.Tiff_File_Full_RegressionTest"/>
  <system-out/>
  <testcase name="Multi_Multiview_On_tiff" time="1.061" classname="StandAlone.Tiff_File_Full_RegressionTest">
    <error type="java.lang.NullPointerException">
      <![CDATA[java.lang.NullPointerException
at EndToEnd.MultiviewTest.Multi_Activate_Multiview(MultiviewTest.java:56)
at StandAlone.Tiff_File_Full_RegressionTest.Multi_Multiview_On_tiff(Tiff_File_Full_RegressionTest.java:358)
at sun.reflect.NativeMethodAccessorImpl.invoke0(Native Method)
at sun.reflect.NativeMethodAccessorImpl.invoke(Unknown Source)
at sun.reflect.DelegatingMethodAccessorImpl.invoke(Unknown Source)
at java.lang.reflect.Method.invoke(Unknown Source)
at org.testng.internal.MethodInvocationHelper.invokeMethod(MethodInvocationHelper.java:135)
at org.testng.internal.TestInvoker.invokeMethod(TestInvoker.java:598)
at org.testng.internal.TestInvoker.invokeTestMethod(TestInvoker.java:174)
at org.testng.internal.MethodRunner.runInSequence(MethodRunner.java:46)
at org.testng.internal.TestInvoker$MethodInvocationAgent.invoke(TestInvoker.java:821)
at org.testng.internal.TestInvoker.invokeTestMethods(TestInvoker.java:147)
at org.testng.internal.TestMethodWorker.invokeTestMethods(TestMethodWorker.java:146)
at org.testng.internal.TestMethodWorker.run(TestMethodWorker.java:128)
at java.util.ArrayList.forEach(Unknown Source)
at org.testng.TestRunner.privateRun(TestRunner.java:767)
at org.testng.TestRunner.run(TestRunner.java:588)
at org.testng.SuiteRunner.runTest(SuiteRunner.java:384)
at org.testng.SuiteRunner.runSequentially(SuiteRunner.java:378)
at org.testng.SuiteRunner.privateRun(SuiteRunner.java:337)
at org.testng.SuiteRunner.run(SuiteRunner.java:286)
at org.testng.SuiteRunnerWorker.runSuite(SuiteRunnerWorker.java:53)
at org.testng.SuiteRunnerWorker.run(SuiteRunnerWorker.java:96)
at org.testng.TestNG.runSuitesSequentially(TestNG.java:1214)
at org.testng.TestNG.runSuitesLocally(TestNG.java:1136)
at org.testng.TestNG.runSuites(TestNG.java:1066)
at org.testng.TestNG.run(TestNG.java:1034)
at org.testng.remote.AbstractRemoteTestNG.run(AbstractRemoteTestNG.java:115)
at org.testng.remote.RemoteTestNG.initAndRun(RemoteTestNG.java:251)
at org.testng.remote.RemoteTestNG.main(RemoteTestNG.java:77)
]]>
    </error>
  </testcase> <!-- Multi_Multiview_On_tiff -->
  <system-out/>
</testsuite> <!-- StandAlone.Tiff_File_Full_RegressionTest -->
