<?xml version="1.0" encoding="UTF-8"?>
<!-- Generated by org.testng.reporters.JUnitReportReporter -->
<testsuite skipped="0" hostname="Hichem" name="StandAlone.Pdf_File___Full_RegressionTest" tests="29" failures="0" timestamp="2020-10-28T15:55:47 WAT" time="164.529" errors="0">
  <testcase name="Upload_PDF_File" time="5.170" classname="StandAlone.Pdf_File___Full_RegressionTest"/>
  <system-out/>
  <testcase name="Handle_StickyNote_On_PDF" time="4.066" classname="StandAlone.Pdf_File___Full_RegressionTest"/>
  <system-out/>
  <testcase name="Handle_FreeText_On_PDF" time="3.301" classname="StandAlone.Pdf_File___Full_RegressionTest"/>
  <system-out/>
  <testcase name="Handle_Circle___On_PDF" time="5.433" classname="StandAlone.Pdf_File___Full_RegressionTest"/>
  <system-out/>
  <testcase name="Handle_Arrow_On_PDF" time="22.250" classname="StandAlone.Pdf_File___Full_RegressionTest"/>
  <system-out/>
  <testcase name="Handle_Underline_On_PDF" time="5.813" classname="StandAlone.Pdf_File___Full_RegressionTest"/>
  <system-out/>
  <testcase name="Handle_freeHand_On_PDF" time="2.866" classname="StandAlone.Pdf_File___Full_RegressionTest"/>
  <system-out/>
  <testcase name="Handle_polyline_On_PDF" time="5.343" classname="StandAlone.Pdf_File___Full_RegressionTest"/>
  <system-out/>
  <testcase name="Handel_Polygone_On_PDF" time="5.550" classname="StandAlone.Pdf_File___Full_RegressionTest"/>
  <system-out/>
  <testcase name="Urgent_Stamp_On_PDF" time="3.720" classname="StandAlone.Pdf_File___Full_RegressionTest"/>
  <system-out/>
  <testcase name="Approved_Stamp_On_PDF" time="3.105" classname="StandAlone.Pdf_File___Full_RegressionTest"/>
  <system-out/>
  <testcase name="Draft_Stamp_On_PDF" time="3.720" classname="StandAlone.Pdf_File___Full_RegressionTest"/>
  <system-out/>
  <testcase name="Signature_Stamp_On_PDF" time="3.730" classname="StandAlone.Pdf_File___Full_RegressionTest"/>
  <system-out/>
  <testcase name="Free_Stamp_On_PDF" time="4.527" classname="StandAlone.Pdf_File___Full_RegressionTest"/>
  <system-out/>
  <testcase name="delete_Anotation_On_PDF" time="3.161" classname="StandAlone.Pdf_File___Full_RegressionTest"/>
  <system-out/>
  <testcase name="Refresh_After_Delete_Anotation_On_PDF" time="20.294" classname="StandAlone.Pdf_File___Full_RegressionTest"/>
  <system-out/>
  <testcase name="SAVE_DATA_ON_PDF" time="1.522" classname="StandAlone.Pdf_File___Full_RegressionTest"/>
  <system-out/>
  <testcase name="Refresh_After_Save_Anotation_On_PDF" time="0.218" classname="StandAlone.Pdf_File___Full_RegressionTest"/>
  <system-out/>
  <testcase name="Add_a_Signet_On_PDF" time="5.666" classname="StandAlone.Pdf_File___Full_RegressionTest"/>
  <system-out/>
  <testcase name="Delete_a_Signet_On_PDF" time="4.620" classname="StandAlone.Pdf_File___Full_RegressionTest"/>
  <system-out/>
  <testcase name="ADD_AN_ANCRE_On_PDF" time="22.079" classname="StandAlone.Pdf_File___Full_RegressionTest"/>
  <system-out/>
  <testcase name="SKIP_AN_ANCRE_On_PDF" time="21.453" classname="StandAlone.Pdf_File___Full_RegressionTest"/>
  <system-out/>
  <testcase name="ZoomIn_On_PDF" time="1.279" classname="StandAlone.Pdf_File___Full_RegressionTest"/>
  <system-out/>
  <testcase name="ZoomOut_On_PDF" time="0.757" classname="StandAlone.Pdf_File___Full_RegressionTest"/>
  <system-out/>
  <testcase name="ZoomInZone_On_PDF" time="0.653" classname="StandAlone.Pdf_File___Full_RegressionTest"/>
  <system-out/>
  <testcase name="Zoom_Adjust_On_PDF" time="0.634" classname="StandAlone.Pdf_File___Full_RegressionTest"/>
  <system-out/>
  <testcase name="Zoom_Text_Box_Control_On_PDF" time="2.462" classname="StandAlone.Pdf_File___Full_RegressionTest"/>
  <system-out/>
  <testcase name="Left_Rotation_Control_On_PDF" time="0.546" classname="StandAlone.Pdf_File___Full_RegressionTest"/>
  <system-out/>
  <testcase name="Right_Rotation_Control_On_PDF" time="0.591" classname="StandAlone.Pdf_File___Full_RegressionTest"/>
  <system-out/>
</testsuite> <!-- StandAlone.Pdf_File___Full_RegressionTest -->
