<?xml version="1.0" encoding="UTF-8"?>
<!-- Generated by org.testng.reporters.JUnitReportReporter -->
<testsuite skipped="0" hostname="Hichem" name="StandAlone.MSG_File_Full_RegressionTest" tests="32" failures="0" timestamp="2020-11-02T09:56:17 WAT" time="187.154" errors="1">
  <testcase name="Upload_msg_File" time="5.323" classname="StandAlone.MSG_File_Full_RegressionTest"/>
  <system-out/>
  <testcase name="Handle_StickyNote_On_msg" time="3.937" classname="StandAlone.MSG_File_Full_RegressionTest"/>
  <system-out/>
  <testcase name="Handle_FreeText_On_msg" time="3.287" classname="StandAlone.MSG_File_Full_RegressionTest"/>
  <system-out/>
  <testcase name="Handle_Circle___On_msg" time="5.627" classname="StandAlone.MSG_File_Full_RegressionTest"/>
  <system-out/>
  <testcase name="Handle_Arrow_On_msg" time="23.478" classname="StandAlone.MSG_File_Full_RegressionTest"/>
  <system-out/>
  <testcase name="Handle_Underline_On_msg" time="5.722" classname="StandAlone.MSG_File_Full_RegressionTest"/>
  <system-out/>
  <testcase name="Handle_freeHand_On_msg" time="3.047" classname="StandAlone.MSG_File_Full_RegressionTest"/>
  <system-out/>
  <testcase name="Handle_polyline_On_msg" time="5.672" classname="StandAlone.MSG_File_Full_RegressionTest"/>
  <system-out/>
  <testcase name="Handel_Polygone_On_msg" time="5.581" classname="StandAlone.MSG_File_Full_RegressionTest"/>
  <system-out/>
  <testcase name="Urgent_Stamp_On_msg" time="3.473" classname="StandAlone.MSG_File_Full_RegressionTest"/>
  <system-out/>
  <testcase name="Approved_Stamp_On_msg" time="2.842" classname="StandAlone.MSG_File_Full_RegressionTest"/>
  <system-out/>
  <testcase name="Draft_Stamp_On_msg" time="3.630" classname="StandAlone.MSG_File_Full_RegressionTest"/>
  <system-out/>
  <testcase name="Signature_Stamp_On_msg" time="3.570" classname="StandAlone.MSG_File_Full_RegressionTest"/>
  <system-out/>
  <testcase name="Free_Stamp_On_msg" time="3.906" classname="StandAlone.MSG_File_Full_RegressionTest"/>
  <system-out/>
  <testcase name="delete_Anotation_On_msg" time="2.957" classname="StandAlone.MSG_File_Full_RegressionTest"/>
  <system-out/>
  <testcase name="Refresh_After_Delete_Anotation_On_msg" time="20.304" classname="StandAlone.MSG_File_Full_RegressionTest"/>
  <system-out/>
  <testcase name="SAVE_DATA_ON_msg" time="1.532" classname="StandAlone.MSG_File_Full_RegressionTest"/>
  <system-out/>
  <testcase name="Refresh_After_Save_Anotation_On_msg" time="0.216" classname="StandAlone.MSG_File_Full_RegressionTest"/>
  <system-out/>
  <testcase name="Add_a_Signet_On_msg" time="5.280" classname="StandAlone.MSG_File_Full_RegressionTest"/>
  <system-out/>
  <testcase name="Delete_a_Signet_On_msg" time="4.768" classname="StandAlone.MSG_File_Full_RegressionTest"/>
  <system-out/>
  <testcase name="ADD_AN_ANCRE_On_msg" time="21.784" classname="StandAlone.MSG_File_Full_RegressionTest"/>
  <system-out/>
  <testcase name="SKIP_AN_ANCRE_On_msg" time="21.410" classname="StandAlone.MSG_File_Full_RegressionTest"/>
  <system-out/>
  <testcase name="ZoomIn_On_msg" time="1.549" classname="StandAlone.MSG_File_Full_RegressionTest"/>
  <system-out/>
  <testcase name="ZoomOut_On_msg" time="0.982" classname="StandAlone.MSG_File_Full_RegressionTest"/>
  <system-out/>
  <testcase name="ZoomInZone_On_msg" time="0.752" classname="StandAlone.MSG_File_Full_RegressionTest"/>
  <system-out/>
  <testcase name="Zoom_Adjust_On_msg" time="0.892" classname="StandAlone.MSG_File_Full_RegressionTest"/>
  <system-out/>
  <testcase name="Zoom_Text_Box_Control_On_msg" time="2.559" classname="StandAlone.MSG_File_Full_RegressionTest"/>
  <system-out/>
  <testcase name="Left_Rotation_Control_On_msg" time="0.723" classname="StandAlone.MSG_File_Full_RegressionTest"/>
  <system-out/>
  <testcase name="Right_Rotation_Control_On_msg" time="0.639" classname="StandAlone.MSG_File_Full_RegressionTest"/>
  <system-out/>
  <testcase name="Activate_Multiview_On_msg" time="0.660" classname="StandAlone.MSG_File_Full_RegressionTest"/>
  <system-out/>
  <testcase name="Desactivate_Multiview_On_msg" time="0.065" classname="StandAlone.MSG_File_Full_RegressionTest"/>
  <system-out/>
  <testcase name="Multi_Multiview_On_msg" time="20.987" classname="StandAlone.MSG_File_Full_RegressionTest">
    <error type="java.lang.NullPointerException">
      <![CDATA[java.lang.NullPointerException
at EndToEnd.MultiviewTest.Multi_Activate_Multiview(MultiviewTest.java:55)
at StandAlone.MSG_File_Full_RegressionTest.Multi_Multiview_On_msg(MSG_File_Full_RegressionTest.java:357)
at sun.reflect.NativeMethodAccessorImpl.invoke0(Native Method)
at sun.reflect.NativeMethodAccessorImpl.invoke(Unknown Source)
at sun.reflect.DelegatingMethodAccessorImpl.invoke(Unknown Source)
at java.lang.reflect.Method.invoke(Unknown Source)
at org.testng.internal.MethodInvocationHelper.invokeMethod(MethodInvocationHelper.java:135)
at org.testng.internal.TestInvoker.invokeMethod(TestInvoker.java:598)
at org.testng.internal.TestInvoker.invokeTestMethod(TestInvoker.java:174)
at org.testng.internal.MethodRunner.runInSequence(MethodRunner.java:46)
at org.testng.internal.TestInvoker$MethodInvocationAgent.invoke(TestInvoker.java:821)
at org.testng.internal.TestInvoker.invokeTestMethods(TestInvoker.java:147)
at org.testng.internal.TestMethodWorker.invokeTestMethods(TestMethodWorker.java:146)
at org.testng.internal.TestMethodWorker.run(TestMethodWorker.java:128)
at java.util.ArrayList.forEach(Unknown Source)
at org.testng.TestRunner.privateRun(TestRunner.java:767)
at org.testng.TestRunner.run(TestRunner.java:588)
at org.testng.SuiteRunner.runTest(SuiteRunner.java:384)
at org.testng.SuiteRunner.runSequentially(SuiteRunner.java:378)
at org.testng.SuiteRunner.privateRun(SuiteRunner.java:337)
at org.testng.SuiteRunner.run(SuiteRunner.java:286)
at org.testng.SuiteRunnerWorker.runSuite(SuiteRunnerWorker.java:53)
at org.testng.SuiteRunnerWorker.run(SuiteRunnerWorker.java:96)
at org.testng.TestNG.runSuitesSequentially(TestNG.java:1214)
at org.testng.TestNG.runSuitesLocally(TestNG.java:1136)
at org.testng.TestNG.runSuites(TestNG.java:1066)
at org.testng.TestNG.run(TestNG.java:1034)
at org.testng.remote.AbstractRemoteTestNG.run(AbstractRemoteTestNG.java:115)
at org.testng.remote.RemoteTestNG.initAndRun(RemoteTestNG.java:251)
at org.testng.remote.RemoteTestNG.main(RemoteTestNG.java:77)
]]>
    </error>
  </testcase> <!-- Multi_Multiview_On_msg -->
  <system-out/>
</testsuite> <!-- StandAlone.MSG_File_Full_RegressionTest -->
