<?xml version="1.0" encoding="UTF-8"?>
<!-- Generated by org.testng.reporters.JUnitReportReporter -->
<testsuite skipped="0" hostname="Hichem" name="StandAlone.Zip_File_FullRegressionTest" tests="32" failures="0" timestamp="2020-11-03T14:50:25 WAT" time="178.766" errors="0">
  <testcase name="Upload_zip_File" time="10.305" classname="StandAlone.Zip_File_FullRegressionTest"/>
  <system-out/>
  <testcase name="Handle_StickyNote_On_zip" time="3.801" classname="StandAlone.Zip_File_FullRegressionTest"/>
  <system-out/>
  <testcase name="Handle_FreeText_On_zip" time="3.033" classname="StandAlone.Zip_File_FullRegressionTest"/>
  <system-out/>
  <testcase name="Handle_Circle___On_zip" time="5.254" classname="StandAlone.Zip_File_FullRegressionTest"/>
  <system-out/>
  <testcase name="Handle_Arrow_On_zip" time="22.057" classname="StandAlone.Zip_File_FullRegressionTest"/>
  <system-out/>
  <testcase name="Handle_Underline_On_zip" time="5.513" classname="StandAlone.Zip_File_FullRegressionTest"/>
  <system-out/>
  <testcase name="Handle_freeHand_On_zip" time="2.620" classname="StandAlone.Zip_File_FullRegressionTest"/>
  <system-out/>
  <testcase name="Handle_polyline_On_zip" time="5.291" classname="StandAlone.Zip_File_FullRegressionTest"/>
  <system-out/>
  <testcase name="Handel_Polygone_On_zip" time="5.429" classname="StandAlone.Zip_File_FullRegressionTest"/>
  <system-out/>
  <testcase name="Urgent_Stamp_On_zip" time="3.896" classname="StandAlone.Zip_File_FullRegressionTest"/>
  <system-out/>
  <testcase name="Approved_Stamp_On_zip" time="3.500" classname="StandAlone.Zip_File_FullRegressionTest"/>
  <system-out/>
  <testcase name="Draft_Stamp_On_zip" time="4.511" classname="StandAlone.Zip_File_FullRegressionTest"/>
  <system-out/>
  <testcase name="Signature_Stamp_On_zip" time="3.891" classname="StandAlone.Zip_File_FullRegressionTest"/>
  <system-out/>
  <testcase name="Free_Stamp_On_zip" time="4.606" classname="StandAlone.Zip_File_FullRegressionTest"/>
  <system-out/>
  <testcase name="delete_Anotation_On_zip" time="3.606" classname="StandAlone.Zip_File_FullRegressionTest"/>
  <system-out/>
  <testcase name="Refresh_After_Delete_Anotation_On_zip" time="20.258" classname="StandAlone.Zip_File_FullRegressionTest"/>
  <system-out/>
  <testcase name="SAVE_DATA_ON_zip" time="1.458" classname="StandAlone.Zip_File_FullRegressionTest"/>
  <system-out/>
  <testcase name="Refresh_After_Save_Anotation_On_zip" time="0.197" classname="StandAlone.Zip_File_FullRegressionTest"/>
  <system-out/>
  <testcase name="Add_a_Signet_On_zip" time="5.183" classname="StandAlone.Zip_File_FullRegressionTest"/>
  <system-out/>
  <testcase name="Delete_a_Signet_On_zip" time="4.767" classname="StandAlone.Zip_File_FullRegressionTest"/>
  <system-out/>
  <testcase name="ADD_AN_ANCRE_On_zip" time="21.775" classname="StandAlone.Zip_File_FullRegressionTest"/>
  <system-out/>
  <testcase name="SKIP_AN_ANCRE_On_zip" time="21.335" classname="StandAlone.Zip_File_FullRegressionTest"/>
  <system-out/>
  <testcase name="ZoomIn_On_zip" time="1.420" classname="StandAlone.Zip_File_FullRegressionTest"/>
  <system-out/>
  <testcase name="ZoomOut_On_zip" time="0.777" classname="StandAlone.Zip_File_FullRegressionTest"/>
  <system-out/>
  <testcase name="ZoomInZone_On_zip" time="0.668" classname="StandAlone.Zip_File_FullRegressionTest"/>
  <system-out/>
  <testcase name="Zoom_Adjust_On_zip" time="0.677" classname="StandAlone.Zip_File_FullRegressionTest"/>
  <system-out/>
  <testcase name="Zoom_Text_Box_Control_On_zip" time="2.502" classname="StandAlone.Zip_File_FullRegressionTest"/>
  <system-out/>
  <testcase name="Left_Rotation_Control_On_zip" time="0.534" classname="StandAlone.Zip_File_FullRegressionTest"/>
  <system-out/>
  <testcase name="Right_Rotation_Control_On_zip" time="0.554" classname="StandAlone.Zip_File_FullRegressionTest"/>
  <system-out/>
  <testcase name="Activate_Multiview_On_zip" time="0.552" classname="StandAlone.Zip_File_FullRegressionTest"/>
  <system-out/>
  <testcase name="Desactivate_Multiview_On_zip" time="0.072" classname="StandAlone.Zip_File_FullRegressionTest"/>
  <system-out/>
  <testcase name="Multi_Multiview_On_zip" time="8.724" classname="StandAlone.Zip_File_FullRegressionTest"/>
  <system-out/>
</testsuite> <!-- StandAlone.Zip_File_FullRegressionTest -->
