<?xml version="1.0" encoding="UTF-8"?>
<!-- Generated by org.testng.reporters.JUnitReportReporter -->
<testsuite hostname="RAJENGUI" failures="1" tests="8" name="StandAlone.ARender_Full_Fonction" time="6.102" errors="0" timestamp="2020-11-05T15:15:23 WAT" skipped="4">
  <testcase classname="StandAlone.ARender_Full_Fonction" name="Brightness_Test" time="2.498"/>
  <system-out/>
  <testcase classname="StandAlone.ARender_Full_Fonction" name="Navigation_Button_Test" time="1.671"/>
  <system-out/>
  <testcase classname="StandAlone.ARender_Full_Fonction" name="Fullscreen_Test" time="1.372"/>
  <system-out/>
  <testcase classname="StandAlone.ARender_Full_Fonction" name="logo_Test" time="0.561">
    <failure message="ERROR ACCURRED : ARENDER VERSION IS NOT TRUE expected [Version 4.1.1-rc1 - 201020_144655] but found [Version 4.1.1-rc3 - 201028_110038]" type="java.lang.AssertionError">
      <![CDATA[java.lang.AssertionError: ERROR ACCURRED : ARENDER VERSION IS NOT TRUE expected [Version 4.1.1-rc1 - 201020_144655] but found [Version 4.1.1-rc3 - 201028_110038]
at org.testng.Assert.fail(Assert.java:99)
at org.testng.Assert.failNotEquals(Assert.java:1037)
at org.testng.Assert.assertEqualsImpl(Assert.java:140)
at org.testng.Assert.assertEquals(Assert.java:122)
at org.testng.Assert.assertEquals(Assert.java:629)
at StandAlone.ARender_Full_Fonction.logo_Test(ARender_Full_Fonction.java:148)
at java.base/jdk.internal.reflect.NativeMethodAccessorImpl.invoke0(Native Method)
at java.base/jdk.internal.reflect.NativeMethodAccessorImpl.invoke(NativeMethodAccessorImpl.java:62)
at java.base/jdk.internal.reflect.DelegatingMethodAccessorImpl.invoke(DelegatingMethodAccessorImpl.java:43)
at java.base/java.lang.reflect.Method.invoke(Method.java:564)
at org.testng.internal.MethodInvocationHelper.invokeMethod(MethodInvocationHelper.java:132)
at org.testng.internal.TestInvoker.invokeMethod(TestInvoker.java:599)
at org.testng.internal.TestInvoker.invokeTestMethod(TestInvoker.java:174)
at org.testng.internal.MethodRunner.runInSequence(MethodRunner.java:46)
at org.testng.internal.TestInvoker$MethodInvocationAgent.invoke(TestInvoker.java:822)
at org.testng.internal.TestInvoker.invokeTestMethods(TestInvoker.java:147)
at org.testng.internal.TestMethodWorker.invokeTestMethods(TestMethodWorker.java:146)
at org.testng.internal.TestMethodWorker.run(TestMethodWorker.java:128)
at java.base/java.util.ArrayList.forEach(ArrayList.java:1511)
at org.testng.TestRunner.privateRun(TestRunner.java:764)
at org.testng.TestRunner.run(TestRunner.java:585)
at org.testng.SuiteRunner.runTest(SuiteRunner.java:384)
at org.testng.SuiteRunner.runSequentially(SuiteRunner.java:378)
at org.testng.SuiteRunner.privateRun(SuiteRunner.java:337)
at org.testng.SuiteRunner.run(SuiteRunner.java:286)
at org.testng.SuiteRunnerWorker.runSuite(SuiteRunnerWorker.java:53)
at org.testng.SuiteRunnerWorker.run(SuiteRunnerWorker.java:96)
at org.testng.TestNG.runSuitesSequentially(TestNG.java:1218)
at org.testng.TestNG.runSuitesLocally(TestNG.java:1140)
at org.testng.TestNG.runSuites(TestNG.java:1069)
at org.testng.TestNG.run(TestNG.java:1037)
at org.testng.remote.AbstractRemoteTestNG.run(AbstractRemoteTestNG.java:115)
at org.testng.remote.RemoteTestNG.initAndRun(RemoteTestNG.java:251)
at org.testng.remote.RemoteTestNG.main(RemoteTestNG.java:77)
]]>
    </failure>
  </testcase> <!-- logo_Test -->
  <system-out/>
  <testcase classname="StandAlone.ARender_Full_Fonction" name="Contrast_Test">
    <skipped/>
  </testcase> <!-- Contrast_Test -->
  <system-out/>
  <testcase classname="StandAlone.ARender_Full_Fonction" name="Check_Print_allFiles_fonctions">
    <skipped/>
  </testcase> <!-- Check_Print_allFiles_fonctions -->
  <system-out/>
  <testcase classname="StandAlone.ARender_Full_Fonction" name="Check_Print_WithAnnotation_fonctions">
    <skipped/>
  </testcase> <!-- Check_Print_WithAnnotation_fonctions -->
  <system-out/>
  <testcase classname="StandAlone.ARender_Full_Fonction" name="Check_Print_WithoutAnnotation_fonctions">
    <skipped/>
  </testcase> <!-- Check_Print_WithoutAnnotation_fonctions -->
  <system-out/>
</testsuite> <!-- StandAlone.ARender_Full_Fonction -->
