<?xml version="1.0" encoding="UTF-8"?>
<!-- Generated by org.testng.reporters.JUnitReportReporter -->
<testsuite skipped="0" hostname="Hichem" name="StandAlone.Excel_File_Full_RegressionTest" tests="32" failures="0" timestamp="2020-11-02T11:30:52 WAT" time="176.826" errors="0">
  <testcase name="Upload_Excel_File" time="6.099" classname="StandAlone.Excel_File_Full_RegressionTest"/>
  <system-out/>
  <testcase name="Handle_StickyNote_On_excel" time="3.942" classname="StandAlone.Excel_File_Full_RegressionTest"/>
  <system-out/>
  <testcase name="Handle_FreeText_On_excel" time="3.267" classname="StandAlone.Excel_File_Full_RegressionTest"/>
  <system-out/>
  <testcase name="Handle_Circle___On_excel" time="5.527" classname="StandAlone.Excel_File_Full_RegressionTest"/>
  <system-out/>
  <testcase name="Handle_Arrow_On_excel" time="23.906" classname="StandAlone.Excel_File_Full_RegressionTest"/>
  <system-out/>
  <testcase name="Handle_Underline_On_excel" time="5.778" classname="StandAlone.Excel_File_Full_RegressionTest"/>
  <system-out/>
  <testcase name="Handle_freeHand_On_excel" time="2.940" classname="StandAlone.Excel_File_Full_RegressionTest"/>
  <system-out/>
  <testcase name="Handle_polyline_On_excel" time="5.613" classname="StandAlone.Excel_File_Full_RegressionTest"/>
  <system-out/>
  <testcase name="Handel_Polygone_On_excel" time="5.499" classname="StandAlone.Excel_File_Full_RegressionTest"/>
  <system-out/>
  <testcase name="Urgent_Stamp_On_excel" time="3.728" classname="StandAlone.Excel_File_Full_RegressionTest"/>
  <system-out/>
  <testcase name="Approved_Stamp_On_excel" time="2.867" classname="StandAlone.Excel_File_Full_RegressionTest"/>
  <system-out/>
  <testcase name="Draft_Stamp_On_excel" time="3.687" classname="StandAlone.Excel_File_Full_RegressionTest"/>
  <system-out/>
  <testcase name="Signature_Stamp_On_excel" time="3.636" classname="StandAlone.Excel_File_Full_RegressionTest"/>
  <system-out/>
  <testcase name="Free_Stamp_On_excel" time="4.137" classname="StandAlone.Excel_File_Full_RegressionTest"/>
  <system-out/>
  <testcase name="delete_Anotation_On_excel" time="2.989" classname="StandAlone.Excel_File_Full_RegressionTest"/>
  <system-out/>
  <testcase name="Refresh_After_Delete_Anotation_On_excel" time="20.339" classname="StandAlone.Excel_File_Full_RegressionTest"/>
  <system-out/>
  <testcase name="SAVE_DATA_ON_excel" time="1.536" classname="StandAlone.Excel_File_Full_RegressionTest"/>
  <system-out/>
  <testcase name="Refresh_After_Save_Anotation_On_excel" time="0.961" classname="StandAlone.Excel_File_Full_RegressionTest"/>
  <system-out/>
  <testcase name="Add_a_Signet_On_excel" time="5.617" classname="StandAlone.Excel_File_Full_RegressionTest"/>
  <system-out/>
  <testcase name="Delete_a_Signet_On_excel" time="4.710" classname="StandAlone.Excel_File_Full_RegressionTest"/>
  <system-out/>
  <testcase name="ADD_AN_ANCRE_On_excel" time="21.754" classname="StandAlone.Excel_File_Full_RegressionTest"/>
  <system-out/>
  <testcase name="SKIP_AN_ANCRE_On_excel" time="21.417" classname="StandAlone.Excel_File_Full_RegressionTest"/>
  <system-out/>
  <testcase name="ZoomIn_On_excel" time="1.563" classname="StandAlone.Excel_File_Full_RegressionTest"/>
  <system-out/>
  <testcase name="ZoomOut_On_excel" time="0.970" classname="StandAlone.Excel_File_Full_RegressionTest"/>
  <system-out/>
  <testcase name="ZoomInZone_On_excel" time="0.751" classname="StandAlone.Excel_File_Full_RegressionTest"/>
  <system-out/>
  <testcase name="Zoom_Adjust_On_excel" time="0.876" classname="StandAlone.Excel_File_Full_RegressionTest"/>
  <system-out/>
  <testcase name="Zoom_Text_Box_Control_On_excel" time="2.568" classname="StandAlone.Excel_File_Full_RegressionTest"/>
  <system-out/>
  <testcase name="Left_Rotation_Control_On_excel" time="0.683" classname="StandAlone.Excel_File_Full_RegressionTest"/>
  <system-out/>
  <testcase name="Right_Rotation_Control_On_excel" time="0.627" classname="StandAlone.Excel_File_Full_RegressionTest"/>
  <system-out/>
  <testcase name="Activate_Multiview_On_excel" time="0.645" classname="StandAlone.Excel_File_Full_RegressionTest"/>
  <system-out/>
  <testcase name="Desactivate_Multiview_On_excel" time="0.064" classname="StandAlone.Excel_File_Full_RegressionTest"/>
  <system-out/>
  <testcase name="Multi_Multiview_On_excel" time="8.130" classname="StandAlone.Excel_File_Full_RegressionTest"/>
  <system-out/>
</testsuite> <!-- StandAlone.Excel_File_Full_RegressionTest -->
