<?xml version="1.0" encoding="UTF-8"?>
<!-- Generated by org.testng.reporters.JUnitReportReporter -->
<testsuite skipped="0" hostname="Hichem" name="StandAlone.PPT_File_FullRegressionTest" tests="32" failures="0" timestamp="2020-11-03T14:50:25 WAT" time="183.258" errors="0">
  <testcase name="Upload_ppt_File" time="13.586" classname="StandAlone.PPT_File_FullRegressionTest"/>
  <system-out/>
  <testcase name="Handle_StickyNote_On_ppt" time="3.650" classname="StandAlone.PPT_File_FullRegressionTest"/>
  <system-out/>
  <testcase name="Handle_FreeText_On_ppt" time="3.102" classname="StandAlone.PPT_File_FullRegressionTest"/>
  <system-out/>
  <testcase name="Handle_Circle___On_ppt" time="5.384" classname="StandAlone.PPT_File_FullRegressionTest"/>
  <system-out/>
  <testcase name="Handle_Arrow_On_ppt" time="21.476" classname="StandAlone.PPT_File_FullRegressionTest"/>
  <system-out/>
  <testcase name="Handle_Underline_On_ppt" time="5.699" classname="StandAlone.PPT_File_FullRegressionTest"/>
  <system-out/>
  <testcase name="Handle_freeHand_On_ppt" time="2.763" classname="StandAlone.PPT_File_FullRegressionTest"/>
  <system-out/>
  <testcase name="Handle_polyline_On_ppt" time="5.324" classname="StandAlone.PPT_File_FullRegressionTest"/>
  <system-out/>
  <testcase name="Handel_Polygone_On_ppt" time="5.212" classname="StandAlone.PPT_File_FullRegressionTest"/>
  <system-out/>
  <testcase name="Urgent_Stamp_On_ppt" time="3.733" classname="StandAlone.PPT_File_FullRegressionTest"/>
  <system-out/>
  <testcase name="Approved_Stamp_On_ppt" time="3.057" classname="StandAlone.PPT_File_FullRegressionTest"/>
  <system-out/>
  <testcase name="Draft_Stamp_On_ppt" time="4.049" classname="StandAlone.PPT_File_FullRegressionTest"/>
  <system-out/>
  <testcase name="Signature_Stamp_On_ppt" time="4.508" classname="StandAlone.PPT_File_FullRegressionTest"/>
  <system-out/>
  <testcase name="Free_Stamp_On_ppt" time="4.521" classname="StandAlone.PPT_File_FullRegressionTest"/>
  <system-out/>
  <testcase name="delete_Anotation_On_ppt" time="3.382" classname="StandAlone.PPT_File_FullRegressionTest"/>
  <system-out/>
  <testcase name="Refresh_After_Delete_Anotation_On_ppt" time="20.275" classname="StandAlone.PPT_File_FullRegressionTest"/>
  <system-out/>
  <testcase name="SAVE_DATA_ON_ppt" time="1.396" classname="StandAlone.PPT_File_FullRegressionTest"/>
  <system-out/>
  <testcase name="Refresh_After_Save_Anotation_On_ppt" time="0.202" classname="StandAlone.PPT_File_FullRegressionTest"/>
  <system-out/>
  <testcase name="Add_a_Signet_On_ppt" time="5.620" classname="StandAlone.PPT_File_FullRegressionTest"/>
  <system-out/>
  <testcase name="Delete_a_Signet_On_ppt" time="4.534" classname="StandAlone.PPT_File_FullRegressionTest"/>
  <system-out/>
  <testcase name="ADD_AN_ANCRE_On_ppt" time="21.805" classname="StandAlone.PPT_File_FullRegressionTest"/>
  <system-out/>
  <testcase name="SKIP_AN_ANCRE_On_ppt" time="21.303" classname="StandAlone.PPT_File_FullRegressionTest"/>
  <system-out/>
  <testcase name="ZoomIn_On_ppt" time="1.355" classname="StandAlone.PPT_File_FullRegressionTest"/>
  <system-out/>
  <testcase name="ZoomOut_On_ppt" time="0.759" classname="StandAlone.PPT_File_FullRegressionTest"/>
  <system-out/>
  <testcase name="ZoomInZone_On_ppt" time="0.680" classname="StandAlone.PPT_File_FullRegressionTest"/>
  <system-out/>
  <testcase name="Zoom_Adjust_On_ppt" time="0.795" classname="StandAlone.PPT_File_FullRegressionTest"/>
  <system-out/>
  <testcase name="Zoom_Text_Box_Control_On_ppt" time="2.527" classname="StandAlone.PPT_File_FullRegressionTest"/>
  <system-out/>
  <testcase name="Left_Rotation_Control_On_ppt" time="0.761" classname="StandAlone.PPT_File_FullRegressionTest"/>
  <system-out/>
  <testcase name="Right_Rotation_Control_On_ppt" time="0.648" classname="StandAlone.PPT_File_FullRegressionTest"/>
  <system-out/>
  <testcase name="Activate_Multiview_On_ppt" time="0.589" classname="StandAlone.PPT_File_FullRegressionTest"/>
  <system-out/>
  <testcase name="Desactivate_Multiview_On_ppt" time="0.086" classname="StandAlone.PPT_File_FullRegressionTest"/>
  <system-out/>
  <testcase name="Multi_Multiview_On_ppt" time="10.477" classname="StandAlone.PPT_File_FullRegressionTest"/>
  <system-out/>
</testsuite> <!-- StandAlone.PPT_File_FullRegressionTest -->
