<?xml version="1.0" encoding="UTF-8"?>
<!-- Generated by org.testng.reporters.JUnitReportReporter -->
<testsuite skipped="0" hostname="Hichem" name="StandAlone.Pdf_File_Full_RegressionTest" tests="32" failures="0" timestamp="2020-11-03T14:50:25 WAT" time="170.549" errors="0">
  <testcase name="Upload_PDF_File" time="5.930" classname="StandAlone.Pdf_File_Full_RegressionTest"/>
  <system-out/>
  <testcase name="Handle_StickyNote_On_PDF" time="3.474" classname="StandAlone.Pdf_File_Full_RegressionTest"/>
  <system-out/>
  <testcase name="Handle_FreeText_On_PDF" time="2.993" classname="StandAlone.Pdf_File_Full_RegressionTest"/>
  <system-out/>
  <testcase name="Handle_Circle___On_PDF" time="5.518" classname="StandAlone.Pdf_File_Full_RegressionTest"/>
  <system-out/>
  <testcase name="Handle_Arrow_On_PDF" time="21.161" classname="StandAlone.Pdf_File_Full_RegressionTest"/>
  <system-out/>
  <testcase name="Handle_Underline_On_PDF" time="5.667" classname="StandAlone.Pdf_File_Full_RegressionTest"/>
  <system-out/>
  <testcase name="Handle_freeHand_On_PDF" time="2.752" classname="StandAlone.Pdf_File_Full_RegressionTest"/>
  <system-out/>
  <testcase name="Handle_polyline_On_PDF" time="5.291" classname="StandAlone.Pdf_File_Full_RegressionTest"/>
  <system-out/>
  <testcase name="Handel_Polygone_On_PDF" time="5.148" classname="StandAlone.Pdf_File_Full_RegressionTest"/>
  <system-out/>
  <testcase name="Urgent_Stamp_On_PDF" time="3.951" classname="StandAlone.Pdf_File_Full_RegressionTest"/>
  <system-out/>
  <testcase name="Approved_Stamp_On_PDF" time="3.154" classname="StandAlone.Pdf_File_Full_RegressionTest"/>
  <system-out/>
  <testcase name="Draft_Stamp_On_PDF" time="3.664" classname="StandAlone.Pdf_File_Full_RegressionTest"/>
  <system-out/>
  <testcase name="Signature_Stamp_On_PDF" time="3.768" classname="StandAlone.Pdf_File_Full_RegressionTest"/>
  <system-out/>
  <testcase name="Free_Stamp_On_PDF" time="4.454" classname="StandAlone.Pdf_File_Full_RegressionTest"/>
  <system-out/>
  <testcase name="delete_Anotation_On_PDF" time="3.262" classname="StandAlone.Pdf_File_Full_RegressionTest"/>
  <system-out/>
  <testcase name="Refresh_After_Delete_Anotation_On_PDF" time="20.352" classname="StandAlone.Pdf_File_Full_RegressionTest"/>
  <system-out/>
  <testcase name="SAVE_DATA_ON_PDF" time="1.439" classname="StandAlone.Pdf_File_Full_RegressionTest"/>
  <system-out/>
  <testcase name="Refresh_After_Save_Anotation_On_PDF" time="0.182" classname="StandAlone.Pdf_File_Full_RegressionTest"/>
  <system-out/>
  <testcase name="Add_a_Signet_On_PDF" time="5.316" classname="StandAlone.Pdf_File_Full_RegressionTest"/>
  <system-out/>
  <testcase name="Delete_a_Signet_On_PDF" time="4.498" classname="StandAlone.Pdf_File_Full_RegressionTest"/>
  <system-out/>
  <testcase name="ADD_AN_ANCRE_On_PDF" time="21.616" classname="StandAlone.Pdf_File_Full_RegressionTest"/>
  <system-out/>
  <testcase name="SKIP_AN_ANCRE_On_PDF" time="21.309" classname="StandAlone.Pdf_File_Full_RegressionTest"/>
  <system-out/>
  <testcase name="ZoomIn_On_PDF" time="1.449" classname="StandAlone.Pdf_File_Full_RegressionTest"/>
  <system-out/>
  <testcase name="ZoomOut_On_PDF" time="0.750" classname="StandAlone.Pdf_File_Full_RegressionTest"/>
  <system-out/>
  <testcase name="ZoomInZone_On_PDF" time="0.662" classname="StandAlone.Pdf_File_Full_RegressionTest"/>
  <system-out/>
  <testcase name="Zoom_Adjust_On_PDF" time="0.647" classname="StandAlone.Pdf_File_Full_RegressionTest"/>
  <system-out/>
  <testcase name="Zoom_Text_Box_Control_On_PDF" time="2.510" classname="StandAlone.Pdf_File_Full_RegressionTest"/>
  <system-out/>
  <testcase name="Left_Rotation_Control_On_PDF" time="0.573" classname="StandAlone.Pdf_File_Full_RegressionTest"/>
  <system-out/>
  <testcase name="Right_Rotation_Control_On_PDF" time="0.585" classname="StandAlone.Pdf_File_Full_RegressionTest"/>
  <system-out/>
  <testcase name="Activate_Multiview_On_PDF" time="0.548" classname="StandAlone.Pdf_File_Full_RegressionTest"/>
  <system-out/>
  <testcase name="Desactivate_Multiview_On_PDF" time="0.078" classname="StandAlone.Pdf_File_Full_RegressionTest"/>
  <system-out/>
  <testcase name="Multi_Multiview_On_PDF" time="7.848" classname="StandAlone.Pdf_File_Full_RegressionTest"/>
  <system-out/>
</testsuite> <!-- StandAlone.Pdf_File_Full_RegressionTest -->
