<?xml version="1.0" encoding="UTF-8"?>
<!-- Generated by org.testng.reporters.JUnitReportReporter -->
<testsuite skipped="0" hostname="Hichem" name="EndToEnd.AncreTest" tests="1" failures="0" timestamp="2020-10-28T14:18:41 WAT" time="43.081" errors="0">
  <testcase name="Skip_Ancre" time="43.081" classname="EndToEnd.AncreTest"/>
  <system-out/>
</testsuite> <!-- EndToEnd.AncreTest -->
