<?xml version="1.0" encoding="UTF-8"?>
<!-- Generated by org.testng.reporters.JUnitReportReporter -->
<testsuite skipped="0" hostname="Hichem" name="StandAlone.Pdf_File___Full_RegressionTest" tests="32" failures="0" timestamp="2020-10-28T17:13:50 WAT" time="180.381" errors="0">
  <testcase name="Upload_PDF_File" time="4.813" classname="StandAlone.Pdf_File___Full_RegressionTest"/>
  <system-out/>
  <testcase name="Handle_StickyNote_On_PDF" time="3.978" classname="StandAlone.Pdf_File___Full_RegressionTest"/>
  <system-out/>
  <testcase name="Handle_FreeText_On_PDF" time="3.330" classname="StandAlone.Pdf_File___Full_RegressionTest"/>
  <system-out/>
  <testcase name="Handle_Circle___On_PDF" time="5.683" classname="StandAlone.Pdf_File___Full_RegressionTest"/>
  <system-out/>
  <testcase name="Handle_Arrow_On_PDF" time="23.238" classname="StandAlone.Pdf_File___Full_RegressionTest"/>
  <system-out/>
  <testcase name="Handle_Underline_On_PDF" time="5.747" classname="StandAlone.Pdf_File___Full_RegressionTest"/>
  <system-out/>
  <testcase name="Handle_freeHand_On_PDF" time="3.055" classname="StandAlone.Pdf_File___Full_RegressionTest"/>
  <system-out/>
  <testcase name="Handle_polyline_On_PDF" time="5.540" classname="StandAlone.Pdf_File___Full_RegressionTest"/>
  <system-out/>
  <testcase name="Handel_Polygone_On_PDF" time="5.454" classname="StandAlone.Pdf_File___Full_RegressionTest"/>
  <system-out/>
  <testcase name="Urgent_Stamp_On_PDF" time="3.606" classname="StandAlone.Pdf_File___Full_RegressionTest"/>
  <system-out/>
  <testcase name="Approved_Stamp_On_PDF" time="2.815" classname="StandAlone.Pdf_File___Full_RegressionTest"/>
  <system-out/>
  <testcase name="Draft_Stamp_On_PDF" time="3.713" classname="StandAlone.Pdf_File___Full_RegressionTest"/>
  <system-out/>
  <testcase name="Signature_Stamp_On_PDF" time="3.516" classname="StandAlone.Pdf_File___Full_RegressionTest"/>
  <system-out/>
  <testcase name="Free_Stamp_On_PDF" time="4.048" classname="StandAlone.Pdf_File___Full_RegressionTest"/>
  <system-out/>
  <testcase name="delete_Anotation_On_PDF" time="2.907" classname="StandAlone.Pdf_File___Full_RegressionTest"/>
  <system-out/>
  <testcase name="Refresh_After_Delete_Anotation_On_PDF" time="20.349" classname="StandAlone.Pdf_File___Full_RegressionTest"/>
  <system-out/>
  <testcase name="SAVE_DATA_ON_PDF" time="1.580" classname="StandAlone.Pdf_File___Full_RegressionTest"/>
  <system-out/>
  <testcase name="Refresh_After_Save_Anotation_On_PDF" time="0.212" classname="StandAlone.Pdf_File___Full_RegressionTest"/>
  <system-out/>
  <testcase name="Add_a_Signet_On_PDF" time="5.363" classname="StandAlone.Pdf_File___Full_RegressionTest"/>
  <system-out/>
  <testcase name="Delete_a_Signet_On_PDF" time="4.695" classname="StandAlone.Pdf_File___Full_RegressionTest"/>
  <system-out/>
  <testcase name="ADD_AN_ANCRE_On_PDF" time="21.726" classname="StandAlone.Pdf_File___Full_RegressionTest"/>
  <system-out/>
  <testcase name="SKIP_AN_ANCRE_On_PDF" time="21.451" classname="StandAlone.Pdf_File___Full_RegressionTest"/>
  <system-out/>
  <testcase name="ZoomIn_On_PDF" time="1.670" classname="StandAlone.Pdf_File___Full_RegressionTest"/>
  <system-out/>
  <testcase name="ZoomOut_On_PDF" time="0.899" classname="StandAlone.Pdf_File___Full_RegressionTest"/>
  <system-out/>
  <testcase name="ZoomInZone_On_PDF" time="0.740" classname="StandAlone.Pdf_File___Full_RegressionTest"/>
  <system-out/>
  <testcase name="Zoom_Adjust_On_PDF" time="0.855" classname="StandAlone.Pdf_File___Full_RegressionTest"/>
  <system-out/>
  <testcase name="Zoom_Text_Box_Control_On_PDF" time="2.593" classname="StandAlone.Pdf_File___Full_RegressionTest"/>
  <system-out/>
  <testcase name="Left_Rotation_Control_On_PDF" time="0.650" classname="StandAlone.Pdf_File___Full_RegressionTest"/>
  <system-out/>
  <testcase name="Right_Rotation_Control_On_PDF" time="0.684" classname="StandAlone.Pdf_File___Full_RegressionTest"/>
  <system-out/>
  <testcase name="Activate_Multiview_On_PDF" time="0.645" classname="StandAlone.Pdf_File___Full_RegressionTest"/>
  <system-out/>
  <testcase name="Desactivate_Multiview_On_PDF" time="0.062" classname="StandAlone.Pdf_File___Full_RegressionTest"/>
  <system-out/>
  <testcase name="Multi_Multiview_On_PDF" time="14.764" classname="StandAlone.Pdf_File___Full_RegressionTest"/>
  <system-out/>
</testsuite> <!-- StandAlone.Pdf_File___Full_RegressionTest -->
