<?xml version="1.0" encoding="UTF-8"?>
<!-- Generated by org.testng.reporters.JUnitReportReporter -->
<testsuite skipped="3" hostname="Hichem" name="StandAlone.ARender_Full_Fonction" tests="4" failures="0" timestamp="2020-11-02T12:49:49 WAT" time="2.338" errors="0">
  <testcase name="Contrast_Test" time="2.338" classname="StandAlone.ARender_Full_Fonction"/>
  <system-out/>
  <testcase name="Check_Print_allFiles_fonctions" classname="StandAlone.ARender_Full_Fonction">
    <skipped/>
  </testcase> <!-- Check_Print_allFiles_fonctions -->
  <system-out/>
  <testcase name="Check_Print_WithAnnotation_fonctions" classname="StandAlone.ARender_Full_Fonction">
    <skipped/>
  </testcase> <!-- Check_Print_WithAnnotation_fonctions -->
  <system-out/>
  <testcase name="Check_Print_WithoutAnnotation_fonctions" classname="StandAlone.ARender_Full_Fonction">
    <skipped/>
  </testcase> <!-- Check_Print_WithoutAnnotation_fonctions -->
  <system-out/>
</testsuite> <!-- StandAlone.ARender_Full_Fonction -->
