<?xml version="1.0" encoding="UTF-8"?>
<!-- Generated by org.testng.reporters.JUnitReportReporter -->
<testsuite skipped="0" hostname="Hichem" name="StandAlone.MSG_File_Full_RegressionTest" tests="32" failures="0" timestamp="2020-11-03T14:50:25 WAT" time="173.571" errors="0">
  <testcase name="Upload_msg_File" time="5.654" classname="StandAlone.MSG_File_Full_RegressionTest"/>
  <system-out/>
  <testcase name="Handle_StickyNote_On_msg" time="4.231" classname="StandAlone.MSG_File_Full_RegressionTest"/>
  <system-out/>
  <testcase name="Handle_FreeText_On_msg" time="3.439" classname="StandAlone.MSG_File_Full_RegressionTest"/>
  <system-out/>
  <testcase name="Handle_Circle___On_msg" time="5.421" classname="StandAlone.MSG_File_Full_RegressionTest"/>
  <system-out/>
  <testcase name="Handle_Arrow_On_msg" time="22.449" classname="StandAlone.MSG_File_Full_RegressionTest"/>
  <system-out/>
  <testcase name="Handle_Underline_On_msg" time="5.552" classname="StandAlone.MSG_File_Full_RegressionTest"/>
  <system-out/>
  <testcase name="Handle_freeHand_On_msg" time="2.838" classname="StandAlone.MSG_File_Full_RegressionTest"/>
  <system-out/>
  <testcase name="Handle_polyline_On_msg" time="5.429" classname="StandAlone.MSG_File_Full_RegressionTest"/>
  <system-out/>
  <testcase name="Handel_Polygone_On_msg" time="5.298" classname="StandAlone.MSG_File_Full_RegressionTest"/>
  <system-out/>
  <testcase name="Urgent_Stamp_On_msg" time="3.482" classname="StandAlone.MSG_File_Full_RegressionTest"/>
  <system-out/>
  <testcase name="Approved_Stamp_On_msg" time="3.361" classname="StandAlone.MSG_File_Full_RegressionTest"/>
  <system-out/>
  <testcase name="Draft_Stamp_On_msg" time="4.143" classname="StandAlone.MSG_File_Full_RegressionTest"/>
  <system-out/>
  <testcase name="Signature_Stamp_On_msg" time="3.800" classname="StandAlone.MSG_File_Full_RegressionTest"/>
  <system-out/>
  <testcase name="Free_Stamp_On_msg" time="4.404" classname="StandAlone.MSG_File_Full_RegressionTest"/>
  <system-out/>
  <testcase name="delete_Anotation_On_msg" time="3.432" classname="StandAlone.MSG_File_Full_RegressionTest"/>
  <system-out/>
  <testcase name="Refresh_After_Delete_Anotation_On_msg" time="20.290" classname="StandAlone.MSG_File_Full_RegressionTest"/>
  <system-out/>
  <testcase name="SAVE_DATA_ON_msg" time="1.413" classname="StandAlone.MSG_File_Full_RegressionTest"/>
  <system-out/>
  <testcase name="Refresh_After_Save_Anotation_On_msg" time="0.206" classname="StandAlone.MSG_File_Full_RegressionTest"/>
  <system-out/>
  <testcase name="Add_a_Signet_On_msg" time="5.160" classname="StandAlone.MSG_File_Full_RegressionTest"/>
  <system-out/>
  <testcase name="Delete_a_Signet_On_msg" time="4.498" classname="StandAlone.MSG_File_Full_RegressionTest"/>
  <system-out/>
  <testcase name="ADD_AN_ANCRE_On_msg" time="21.789" classname="StandAlone.MSG_File_Full_RegressionTest"/>
  <system-out/>
  <testcase name="SKIP_AN_ANCRE_On_msg" time="21.328" classname="StandAlone.MSG_File_Full_RegressionTest"/>
  <system-out/>
  <testcase name="ZoomIn_On_msg" time="1.375" classname="StandAlone.MSG_File_Full_RegressionTest"/>
  <system-out/>
  <testcase name="ZoomOut_On_msg" time="0.833" classname="StandAlone.MSG_File_Full_RegressionTest"/>
  <system-out/>
  <testcase name="ZoomInZone_On_msg" time="0.671" classname="StandAlone.MSG_File_Full_RegressionTest"/>
  <system-out/>
  <testcase name="Zoom_Adjust_On_msg" time="0.695" classname="StandAlone.MSG_File_Full_RegressionTest"/>
  <system-out/>
  <testcase name="Zoom_Text_Box_Control_On_msg" time="2.507" classname="StandAlone.MSG_File_Full_RegressionTest"/>
  <system-out/>
  <testcase name="Left_Rotation_Control_On_msg" time="0.723" classname="StandAlone.MSG_File_Full_RegressionTest"/>
  <system-out/>
  <testcase name="Right_Rotation_Control_On_msg" time="0.651" classname="StandAlone.MSG_File_Full_RegressionTest"/>
  <system-out/>
  <testcase name="Activate_Multiview_On_msg" time="0.616" classname="StandAlone.MSG_File_Full_RegressionTest"/>
  <system-out/>
  <testcase name="Desactivate_Multiview_On_msg" time="0.069" classname="StandAlone.MSG_File_Full_RegressionTest"/>
  <system-out/>
  <testcase name="Multi_Multiview_On_msg" time="7.814" classname="StandAlone.MSG_File_Full_RegressionTest"/>
  <system-out/>
</testsuite> <!-- StandAlone.MSG_File_Full_RegressionTest -->
