<?xml version="1.0" encoding="UTF-8"?>
<!-- Generated by org.testng.reporters.JUnitReportReporter -->
<testsuite skipped="0" hostname="Hichem" name="StandAlone.Excel_File___Full_RegressionTest" tests="15" failures="0" timestamp="2020-10-27T15:32:45 WAT" time="82.969" errors="0">
  <testcase name="Excel_File____Upload" time="4.668" classname="StandAlone.Excel_File___Full_RegressionTest"/>
  <system-out/>
  <testcase name="Handle_StickyNote___On_Excel" time="3.965" classname="StandAlone.Excel_File___Full_RegressionTest"/>
  <system-out/>
  <testcase name="Handle_FreeText___On_Excel" time="3.308" classname="StandAlone.Excel_File___Full_RegressionTest"/>
  <system-out/>
  <testcase name="Handle_Circle___On_Excel" time="5.709" classname="StandAlone.Excel_File___Full_RegressionTest"/>
  <system-out/>
  <testcase name="Handle_Arrow___On_Excel" time="23.922" classname="StandAlone.Excel_File___Full_RegressionTest"/>
  <system-out/>
  <testcase name="Handle_Underline___On_Excel" time="5.754" classname="StandAlone.Excel_File___Full_RegressionTest"/>
  <system-out/>
  <testcase name="Handle_freeHand___On_Excel" time="3.454" classname="StandAlone.Excel_File___Full_RegressionTest"/>
  <system-out/>
  <testcase name="Handle_polyline___On_Excel" time="5.636" classname="StandAlone.Excel_File___Full_RegressionTest"/>
  <system-out/>
  <testcase name="Handel_Polygone___On_Excel" time="5.600" classname="StandAlone.Excel_File___Full_RegressionTest"/>
  <system-out/>
  <testcase name="Urgent_Stamp___On_Excel" time="3.629" classname="StandAlone.Excel_File___Full_RegressionTest"/>
  <system-out/>
  <testcase name="Approved_Stamp___On_Excel" time="2.956" classname="StandAlone.Excel_File___Full_RegressionTest"/>
  <system-out/>
  <testcase name="Draft_Stamp___On_Excel" time="3.752" classname="StandAlone.Excel_File___Full_RegressionTest"/>
  <system-out/>
  <testcase name="Signature_Stamp___On_Excel" time="3.532" classname="StandAlone.Excel_File___Full_RegressionTest"/>
  <system-out/>
  <testcase name="Free_Stamp___On_Excel" time="4.306" classname="StandAlone.Excel_File___Full_RegressionTest"/>
  <system-out/>
  <testcase name="delete__Anotation___On_Excel" time="2.778" classname="StandAlone.Excel_File___Full_RegressionTest"/>
  <system-out/>
</testsuite> <!-- StandAlone.Excel_File___Full_RegressionTest -->
