<?xml version="1.0" encoding="UTF-8"?>
<!-- Generated by org.testng.reporters.JUnitReportReporter -->
<testsuite skipped="0" hostname="Hichem" name="StandAlone.Png_File_Full_RegressionTest" tests="32" failures="0" timestamp="2020-11-03T14:50:25 WAT" time="172.284" errors="0">
  <testcase name="Upload_png_File" time="5.288" classname="StandAlone.Png_File_Full_RegressionTest"/>
  <system-out/>
  <testcase name="Handle_StickyNote_On_png" time="3.816" classname="StandAlone.Png_File_Full_RegressionTest"/>
  <system-out/>
  <testcase name="Handle_FreeText_On_png" time="3.222" classname="StandAlone.Png_File_Full_RegressionTest"/>
  <system-out/>
  <testcase name="Handle_Circle___On_png" time="5.595" classname="StandAlone.Png_File_Full_RegressionTest"/>
  <system-out/>
  <testcase name="Handle_Arrow_On_png" time="21.831" classname="StandAlone.Png_File_Full_RegressionTest"/>
  <system-out/>
  <testcase name="Handle_Underline_On_png" time="5.619" classname="StandAlone.Png_File_Full_RegressionTest"/>
  <system-out/>
  <testcase name="Handle_freeHand_On_png" time="2.762" classname="StandAlone.Png_File_Full_RegressionTest"/>
  <system-out/>
  <testcase name="Handle_polyline_On_png" time="5.498" classname="StandAlone.Png_File_Full_RegressionTest"/>
  <system-out/>
  <testcase name="Handel_Polygone_On_png" time="5.143" classname="StandAlone.Png_File_Full_RegressionTest"/>
  <system-out/>
  <testcase name="Urgent_Stamp_On_png" time="3.572" classname="StandAlone.Png_File_Full_RegressionTest"/>
  <system-out/>
  <testcase name="Approved_Stamp_On_png" time="3.478" classname="StandAlone.Png_File_Full_RegressionTest"/>
  <system-out/>
  <testcase name="Draft_Stamp_On_png" time="3.990" classname="StandAlone.Png_File_Full_RegressionTest"/>
  <system-out/>
  <testcase name="Signature_Stamp_On_png" time="3.879" classname="StandAlone.Png_File_Full_RegressionTest"/>
  <system-out/>
  <testcase name="Free_Stamp_On_png" time="4.643" classname="StandAlone.Png_File_Full_RegressionTest"/>
  <system-out/>
  <testcase name="delete_Anotation_On_png" time="3.792" classname="StandAlone.Png_File_Full_RegressionTest"/>
  <system-out/>
  <testcase name="Refresh_After_Delete_Anotation_On_png" time="20.225" classname="StandAlone.Png_File_Full_RegressionTest"/>
  <system-out/>
  <testcase name="SAVE_DATA_ON_png" time="1.402" classname="StandAlone.Png_File_Full_RegressionTest"/>
  <system-out/>
  <testcase name="Refresh_After_Save_Anotation_On_png" time="0.184" classname="StandAlone.Png_File_Full_RegressionTest"/>
  <system-out/>
  <testcase name="Add_a_Signet_On_png" time="5.153" classname="StandAlone.Png_File_Full_RegressionTest"/>
  <system-out/>
  <testcase name="Delete_a_Signet_On_png" time="4.502" classname="StandAlone.Png_File_Full_RegressionTest"/>
  <system-out/>
  <testcase name="ADD_AN_ANCRE_On_png" time="21.615" classname="StandAlone.Png_File_Full_RegressionTest"/>
  <system-out/>
  <testcase name="SKIP_AN_ANCRE_On_png" time="21.313" classname="StandAlone.Png_File_Full_RegressionTest"/>
  <system-out/>
  <testcase name="ZoomIn_On_png" time="1.349" classname="StandAlone.Png_File_Full_RegressionTest"/>
  <system-out/>
  <testcase name="ZoomOut_On_png" time="0.739" classname="StandAlone.Png_File_Full_RegressionTest"/>
  <system-out/>
  <testcase name="ZoomInZone_On_png" time="0.776" classname="StandAlone.Png_File_Full_RegressionTest"/>
  <system-out/>
  <testcase name="Zoom_Adjust_On_png" time="0.687" classname="StandAlone.Png_File_Full_RegressionTest"/>
  <system-out/>
  <testcase name="Zoom_Text_Box_Control_On_png" time="2.470" classname="StandAlone.Png_File_Full_RegressionTest"/>
  <system-out/>
  <testcase name="Left_Rotation_Control_On_png" time="0.575" classname="StandAlone.Png_File_Full_RegressionTest"/>
  <system-out/>
  <testcase name="Right_Rotation_Control_On_png" time="0.567" classname="StandAlone.Png_File_Full_RegressionTest"/>
  <system-out/>
  <testcase name="Activate_Multiview_On_png" time="0.584" classname="StandAlone.Png_File_Full_RegressionTest"/>
  <system-out/>
  <testcase name="Desactivate_Multiview_On_png" time="0.093" classname="StandAlone.Png_File_Full_RegressionTest"/>
  <system-out/>
  <testcase name="Multi_Multiview_On_png" time="7.922" classname="StandAlone.Png_File_Full_RegressionTest"/>
  <system-out/>
</testsuite> <!-- StandAlone.Png_File_Full_RegressionTest -->
