<?xml version="1.0" encoding="UTF-8"?>
<!-- Generated by org.testng.reporters.JUnitReportReporter -->
<testsuite skipped="14" hostname="Hichem" name="StandAlone.GIF_File___Full_RegressionTest" tests="15" failures="0" timestamp="2020-11-02T14:24:53 WAT" time="0.000" errors="1">
  <testcase name="initialization" time="0.000" classname="StandAlone.GIF_File___Full_RegressionTest">
    <error type="java.lang.NullPointerException">
      <![CDATA[java.lang.NullPointerException
at pageObject.TestBase.initialization(TestBase.java:68)
at sun.reflect.NativeMethodAccessorImpl.invoke0(Native Method)
at sun.reflect.NativeMethodAccessorImpl.invoke(Unknown Source)
at sun.reflect.DelegatingMethodAccessorImpl.invoke(Unknown Source)
at java.lang.reflect.Method.invoke(Unknown Source)
at org.testng.internal.MethodInvocationHelper.invokeMethod(MethodInvocationHelper.java:135)
at org.testng.internal.MethodInvocationHelper.invokeMethodConsideringTimeout(MethodInvocationHelper.java:64)
at org.testng.internal.ConfigInvoker.invokeConfigurationMethod(ConfigInvoker.java:364)
at org.testng.internal.ConfigInvoker.invokeConfigurations(ConfigInvoker.java:318)
at org.testng.internal.TestMethodWorker.invokeBeforeClassMethods(TestMethodWorker.java:176)
at org.testng.internal.TestMethodWorker.run(TestMethodWorker.java:122)
at java.util.ArrayList.forEach(Unknown Source)
at org.testng.TestRunner.privateRun(TestRunner.java:767)
at org.testng.TestRunner.run(TestRunner.java:588)
at org.testng.SuiteRunner.runTest(SuiteRunner.java:384)
at org.testng.SuiteRunner.runSequentially(SuiteRunner.java:378)
at org.testng.SuiteRunner.privateRun(SuiteRunner.java:337)
at org.testng.SuiteRunner.run(SuiteRunner.java:286)
at org.testng.SuiteRunnerWorker.runSuite(SuiteRunnerWorker.java:53)
at org.testng.SuiteRunnerWorker.run(SuiteRunnerWorker.java:96)
at org.testng.TestNG.runSuitesSequentially(TestNG.java:1214)
at org.testng.TestNG.runSuitesLocally(TestNG.java:1136)
at org.testng.TestNG.runSuites(TestNG.java:1066)
at org.testng.TestNG.run(TestNG.java:1034)
at org.testng.remote.AbstractRemoteTestNG.run(AbstractRemoteTestNG.java:115)
at org.testng.remote.RemoteTestNG.initAndRun(RemoteTestNG.java:251)
at org.testng.remote.RemoteTestNG.main(RemoteTestNG.java:77)
]]>
    </error>
  </testcase> <!-- initialization -->
  <system-out/>
  <testcase name="Upload_Gif" time="0.000" classname="StandAlone.GIF_File___Full_RegressionTest">
    <skipped/>
  </testcase> <!-- Upload_Gif -->
  <system-out/>
  <testcase name="Handle_StickyNote___On_Gif" time="0.000" classname="StandAlone.GIF_File___Full_RegressionTest">
    <skipped/>
  </testcase> <!-- Handle_StickyNote___On_Gif -->
  <system-out/>
  <testcase name="Handle_FreeText___On_Gif" time="0.000" classname="StandAlone.GIF_File___Full_RegressionTest">
    <skipped/>
  </testcase> <!-- Handle_FreeText___On_Gif -->
  <system-out/>
  <testcase name="Handle_Circle___On_Gif" time="0.000" classname="StandAlone.GIF_File___Full_RegressionTest">
    <skipped/>
  </testcase> <!-- Handle_Circle___On_Gif -->
  <system-out/>
  <testcase name="Handle_Arrow___On_Gif" time="0.000" classname="StandAlone.GIF_File___Full_RegressionTest">
    <skipped/>
  </testcase> <!-- Handle_Arrow___On_Gif -->
  <system-out/>
  <testcase name="Handle_Underline___On_Gif" time="0.000" classname="StandAlone.GIF_File___Full_RegressionTest">
    <skipped/>
  </testcase> <!-- Handle_Underline___On_Gif -->
  <system-out/>
  <testcase name="Handle_freeHand___On_Gif" time="0.000" classname="StandAlone.GIF_File___Full_RegressionTest">
    <skipped/>
  </testcase> <!-- Handle_freeHand___On_Gif -->
  <system-out/>
  <testcase name="Handle_polyline___On_Gif" time="0.000" classname="StandAlone.GIF_File___Full_RegressionTest">
    <skipped/>
  </testcase> <!-- Handle_polyline___On_Gif -->
  <system-out/>
  <testcase name="Handel_Polygone___On_Gif" time="0.000" classname="StandAlone.GIF_File___Full_RegressionTest">
    <skipped/>
  </testcase> <!-- Handel_Polygone___On_Gif -->
  <system-out/>
  <testcase name="Urgent_Stamp___On_Gif" time="0.000" classname="StandAlone.GIF_File___Full_RegressionTest">
    <skipped/>
  </testcase> <!-- Urgent_Stamp___On_Gif -->
  <system-out/>
  <testcase name="Approved_Stamp___On_Gif" time="0.000" classname="StandAlone.GIF_File___Full_RegressionTest">
    <skipped/>
  </testcase> <!-- Approved_Stamp___On_Gif -->
  <system-out/>
  <testcase name="Draft_Stamp___On_Gif" time="0.000" classname="StandAlone.GIF_File___Full_RegressionTest">
    <skipped/>
  </testcase> <!-- Draft_Stamp___On_Gif -->
  <system-out/>
  <testcase name="Signature_Stamp___On_Gif" time="0.000" classname="StandAlone.GIF_File___Full_RegressionTest">
    <skipped/>
  </testcase> <!-- Signature_Stamp___On_Gif -->
  <system-out/>
  <testcase name="delete__Anotation___On_Gif" time="0.000" classname="StandAlone.GIF_File___Full_RegressionTest">
    <skipped/>
  </testcase> <!-- delete__Anotation___On_Gif -->
  <system-out/>
</testsuite> <!-- StandAlone.GIF_File___Full_RegressionTest -->
