<?xml version="1.0" encoding="UTF-8"?>
<!-- Generated by org.testng.reporters.JUnitReportReporter -->
<testsuite skipped="0" hostname="Hichem" name="StandAlone.Word_File_Full_RegressionTest" tests="32" failures="0" timestamp="2020-11-09T10:58:52 WAT" time="209.099" errors="0">
  <testcase name="Upload_word_File" time="6.468" classname="StandAlone.Word_File_Full_RegressionTest"/>
  <system-out/>
  <testcase name="Handle_StickyNote_On_word" time="4.169" classname="StandAlone.Word_File_Full_RegressionTest"/>
  <system-out/>
  <testcase name="Handle_FreeText_On_word" time="3.586" classname="StandAlone.Word_File_Full_RegressionTest"/>
  <system-out/>
  <testcase name="Handle_Circle___On_word" time="5.683" classname="StandAlone.Word_File_Full_RegressionTest"/>
  <system-out/>
  <testcase name="Handle_Arrow_On_word" time="23.543" classname="StandAlone.Word_File_Full_RegressionTest"/>
  <system-out/>
  <testcase name="Handle_Underline_On_word" time="5.908" classname="StandAlone.Word_File_Full_RegressionTest"/>
  <system-out/>
  <testcase name="Handle_freeHand_On_word" time="3.020" classname="StandAlone.Word_File_Full_RegressionTest"/>
  <system-out/>
  <testcase name="Handle_polyline_On_word" time="5.812" classname="StandAlone.Word_File_Full_RegressionTest"/>
  <system-out/>
  <testcase name="Handel_Polygone_On_word" time="5.710" classname="StandAlone.Word_File_Full_RegressionTest"/>
  <system-out/>
  <testcase name="Urgent_Stamp_On_word" time="3.669" classname="StandAlone.Word_File_Full_RegressionTest"/>
  <system-out/>
  <testcase name="Approved_Stamp_On_word" time="2.877" classname="StandAlone.Word_File_Full_RegressionTest"/>
  <system-out/>
  <testcase name="Draft_Stamp_On_word" time="3.700" classname="StandAlone.Word_File_Full_RegressionTest"/>
  <system-out/>
  <testcase name="Signature_Stamp_On_word" time="3.639" classname="StandAlone.Word_File_Full_RegressionTest"/>
  <system-out/>
  <testcase name="Free_Stamp_On_word" time="3.973" classname="StandAlone.Word_File_Full_RegressionTest"/>
  <system-out/>
  <testcase name="delete_Anotation_On_word" time="2.028" classname="StandAlone.Word_File_Full_RegressionTest"/>
  <system-out/>
  <testcase name="Refresh_After_Delete_Anotation_On_word" time="20.926" classname="StandAlone.Word_File_Full_RegressionTest"/>
  <system-out/>
  <testcase name="SAVE_DATA_ON_word" time="7.126" classname="StandAlone.Word_File_Full_RegressionTest"/>
  <system-out/>
  <testcase name="Refresh_After_Save_Anotation_On_word" time="0.593" classname="StandAlone.Word_File_Full_RegressionTest"/>
  <system-out/>
  <testcase name="Add_a_Signet_On_word" time="5.534" classname="StandAlone.Word_File_Full_RegressionTest"/>
  <system-out/>
  <testcase name="Delete_a_Signet_On_word" time="4.692" classname="StandAlone.Word_File_Full_RegressionTest"/>
  <system-out/>
  <testcase name="ADD_AN_ANCRE_On_word" time="21.842" classname="StandAlone.Word_File_Full_RegressionTest"/>
  <system-out/>
  <testcase name="SKIP_AN_ANCRE_On_word" time="21.626" classname="StandAlone.Word_File_Full_RegressionTest"/>
  <system-out/>
  <testcase name="ZoomIn_On_word" time="1.661" classname="StandAlone.Word_File_Full_RegressionTest"/>
  <system-out/>
  <testcase name="ZoomOut_On_word" time="1.132" classname="StandAlone.Word_File_Full_RegressionTest"/>
  <system-out/>
  <testcase name="ZoomInZone_On_word" time="1.061" classname="StandAlone.Word_File_Full_RegressionTest"/>
  <system-out/>
  <testcase name="Zoom_Adjust_On_word" time="1.180" classname="StandAlone.Word_File_Full_RegressionTest"/>
  <system-out/>
  <testcase name="Zoom_Text_Box_Control_On_word" time="2.828" classname="StandAlone.Word_File_Full_RegressionTest"/>
  <system-out/>
  <testcase name="Left_Rotation_Control_On_word" time="1.402" classname="StandAlone.Word_File_Full_RegressionTest"/>
  <system-out/>
  <testcase name="Right_Rotation_Control_On_word" time="0.938" classname="StandAlone.Word_File_Full_RegressionTest"/>
  <system-out/>
  <testcase name="Activate_Multiview_On_word" time="1.580" classname="StandAlone.Word_File_Full_RegressionTest"/>
  <system-out/>
  <testcase name="Desactivate_Multiview_On_word" time="20.601" classname="StandAlone.Word_File_Full_RegressionTest"/>
  <system-out/>
  <testcase name="Multi_Multiview_On_word" time="10.592" classname="StandAlone.Word_File_Full_RegressionTest"/>
  <system-out/>
</testsuite> <!-- StandAlone.Word_File_Full_RegressionTest -->
