<?xml version="1.0" encoding="UTF-8"?>
<!-- Generated by org.testng.reporters.JUnitReportReporter -->
<testsuite hostname="RAJENGUI" failures="0" tests="33" name="StandAlone.Word_File_Full_RegressionTest" time="163.747" errors="2" timestamp="2020-11-04T11:46:53 WAT" skipped="3">
  <testcase classname="StandAlone.Word_File_Full_RegressionTest" name="reporteResu" time="0.433">
    <error message="unexpected alert open: &lt;unknown&gt;
  (Session info: chrome=86.0.4240.183): 
Build info: version: &#039;3.141.59&#039;, revision: &#039;e82be7d358&#039;, time: &#039;2018-11-14T08:17:03&#039;
System info: host: &#039;RAJENGUI&#039;, ip: &#039;192.168.93.1&#039;, os.name: &#039;Windows 10&#039;, os.arch: &#039;amd64&#039;, os.version: &#039;10.0&#039;, java.version: &#039;14.0.2&#039;
Driver info: org.openqa.selenium.chrome.ChromeDriver
Capabilities {acceptInsecureCerts: false, browserName: chrome, browserVersion: 86.0.4240.183, chrome: {chromedriverVersion: 85.0.4183.87 (cd6713ebf92fa..., userDataDir: C:\Users\DELL\AppData\Local...}, goog:chromeOptions: {debuggerAddress: localhost:58457}, javascriptEnabled: true, networkConnectionEnabled: false, pageLoadStrategy: normal, platform: WINDOWS, platformName: WINDOWS, proxy: Proxy(), setWindowRect: true, strictFileInteractability: false, timeouts: {implicit: 0, pageLoad: 300000, script: 30000}, unhandledPromptBehavior: dismiss and notify, webauthn:virtualAuthenticators: true}
Session ID: b280353a094b875b3332511c0d703121" type="org.openqa.selenium.UnhandledAlertException">
      <![CDATA[org.openqa.selenium.UnhandledAlertException: unexpected alert open: <unknown>
  (Session info: chrome=86.0.4240.183): 
Build info: version: '3.141.59', revision: 'e82be7d358', time: '2018-11-14T08:17:03'
System info: host: 'RAJENGUI', ip: '192.168.93.1', os.name: 'Windows 10', os.arch: 'amd64', os.version: '10.0', java.version: '14.0.2'
Driver info: org.openqa.selenium.chrome.ChromeDriver
Capabilities {acceptInsecureCerts: false, browserName: chrome, browserVersion: 86.0.4240.183, chrome: {chromedriverVersion: 85.0.4183.87 (cd6713ebf92fa..., userDataDir: C:\Users\DELL\AppData\Local...}, goog:chromeOptions: {debuggerAddress: localhost:58457}, javascriptEnabled: true, networkConnectionEnabled: false, pageLoadStrategy: normal, platform: WINDOWS, platformName: WINDOWS, proxy: Proxy(), setWindowRect: true, strictFileInteractability: false, timeouts: {implicit: 0, pageLoad: 300000, script: 30000}, unhandledPromptBehavior: dismiss and notify, webauthn:virtualAuthenticators: true}
Session ID: b280353a094b875b3332511c0d703121
at org.openqa.selenium.remote.http.W3CHttpResponseCodec.decode(W3CHttpResponseCodec.java:120)
at org.openqa.selenium.remote.http.W3CHttpResponseCodec.decode(W3CHttpResponseCodec.java:49)
at org.openqa.selenium.remote.HttpCommandExecutor.execute(HttpCommandExecutor.java:158)
at org.openqa.selenium.remote.service.DriverCommandExecutor.execute(DriverCommandExecutor.java:83)
at org.openqa.selenium.remote.RemoteWebDriver.execute(RemoteWebDriver.java:552)
at org.openqa.selenium.remote.RemoteWebDriver.execute(RemoteWebDriver.java:609)
at org.openqa.selenium.remote.RemoteWebDriver.getScreenshotAs(RemoteWebDriver.java:295)
at jdk.internal.reflect.GeneratedMethodAccessor21.invoke(Unknown Source)
at java.base/jdk.internal.reflect.DelegatingMethodAccessorImpl.invoke(DelegatingMethodAccessorImpl.java:43)
at java.base/java.lang.reflect.Method.invoke(Method.java:564)
at org.openqa.selenium.support.events.EventFiringWebDriver.lambda$new$1(EventFiringWebDriver.java:105)
at com.sun.proxy.$Proxy14.getScreenshotAs(Unknown Source)
at org.openqa.selenium.support.events.EventFiringWebDriver.getScreenshotAs(EventFiringWebDriver.java:302)
at pageObject.MediaBase.takesScreenShots(MediaBase.java:25)
at pageObject.TestBase.reporteResu(TestBase.java:136)
at jdk.internal.reflect.GeneratedMethodAccessor19.invoke(Unknown Source)
at java.base/jdk.internal.reflect.DelegatingMethodAccessorImpl.invoke(DelegatingMethodAccessorImpl.java:43)
at java.base/java.lang.reflect.Method.invoke(Method.java:564)
at org.testng.internal.MethodInvocationHelper.invokeMethod(MethodInvocationHelper.java:132)
at org.testng.internal.MethodInvocationHelper.invokeMethodConsideringTimeout(MethodInvocationHelper.java:61)
at org.testng.internal.ConfigInvoker.invokeConfigurationMethod(ConfigInvoker.java:366)
at org.testng.internal.ConfigInvoker.invokeConfigurations(ConfigInvoker.java:320)
at org.testng.internal.TestInvoker.runConfigMethods(TestInvoker.java:701)
at org.testng.internal.TestInvoker.runAfterGroupsConfigurations(TestInvoker.java:677)
at org.testng.internal.TestInvoker.invokeMethod(TestInvoker.java:661)
at org.testng.internal.TestInvoker.invokeTestMethod(TestInvoker.java:174)
at org.testng.internal.MethodRunner.runInSequence(MethodRunner.java:46)
at org.testng.internal.TestInvoker$MethodInvocationAgent.invoke(TestInvoker.java:822)
at org.testng.internal.TestInvoker.invokeTestMethods(TestInvoker.java:147)
at org.testng.internal.TestMethodWorker.invokeTestMethods(TestMethodWorker.java:146)
at org.testng.internal.TestMethodWorker.run(TestMethodWorker.java:128)
at java.base/java.util.ArrayList.forEach(ArrayList.java:1511)
at org.testng.TestRunner.privateRun(TestRunner.java:764)
at org.testng.TestRunner.run(TestRunner.java:585)
at org.testng.SuiteRunner.runTest(SuiteRunner.java:384)
at org.testng.SuiteRunner.runSequentially(SuiteRunner.java:378)
at org.testng.SuiteRunner.privateRun(SuiteRunner.java:337)
at org.testng.SuiteRunner.run(SuiteRunner.java:286)
at org.testng.SuiteRunnerWorker.runSuite(SuiteRunnerWorker.java:53)
at org.testng.SuiteRunnerWorker.run(SuiteRunnerWorker.java:96)
at org.testng.TestNG.runSuitesSequentially(TestNG.java:1218)
at org.testng.TestNG.runSuitesLocally(TestNG.java:1140)
at org.testng.TestNG.runSuites(TestNG.java:1069)
at org.testng.TestNG.run(TestNG.java:1037)
at org.testng.remote.AbstractRemoteTestNG.run(AbstractRemoteTestNG.java:115)
at org.testng.remote.RemoteTestNG.initAndRun(RemoteTestNG.java:251)
at org.testng.remote.RemoteTestNG.main(RemoteTestNG.java:77)
]]>
    </error>
  </testcase> <!-- reporteResu -->
  <system-out/>
  <testcase classname="StandAlone.Word_File_Full_RegressionTest" name="Upload_word_File" time="5.822"/>
  <system-out/>
  <testcase classname="StandAlone.Word_File_Full_RegressionTest" name="Handle_StickyNote_On_word" time="2.976"/>
  <system-out/>
  <testcase classname="StandAlone.Word_File_Full_RegressionTest" name="Handle_FreeText_On_word" time="2.327"/>
  <system-out/>
  <testcase classname="StandAlone.Word_File_Full_RegressionTest" name="Handle_Circle___On_word" time="4.481"/>
  <system-out/>
  <testcase classname="StandAlone.Word_File_Full_RegressionTest" name="Handle_Arrow_On_word" time="16.546"/>
  <system-out/>
  <testcase classname="StandAlone.Word_File_Full_RegressionTest" name="Handle_Underline_On_word" time="4.582"/>
  <system-out/>
  <testcase classname="StandAlone.Word_File_Full_RegressionTest" name="Handle_freeHand_On_word" time="1.985"/>
  <system-out/>
  <testcase classname="StandAlone.Word_File_Full_RegressionTest" name="Handle_polyline_On_word" time="4.349"/>
  <system-out/>
  <testcase classname="StandAlone.Word_File_Full_RegressionTest" name="Handel_Polygone_On_word" time="4.301"/>
  <system-out/>
  <testcase classname="StandAlone.Word_File_Full_RegressionTest" name="Urgent_Stamp_On_word" time="2.649"/>
  <system-out/>
  <testcase classname="StandAlone.Word_File_Full_RegressionTest" name="Approved_Stamp_On_word" time="2.219"/>
  <system-out/>
  <testcase classname="StandAlone.Word_File_Full_RegressionTest" name="Draft_Stamp_On_word" time="2.706"/>
  <system-out/>
  <testcase classname="StandAlone.Word_File_Full_RegressionTest" name="Signature_Stamp_On_word" time="2.815"/>
  <system-out/>
  <testcase classname="StandAlone.Word_File_Full_RegressionTest" name="Free_Stamp_On_word" time="2.875"/>
  <system-out/>
  <testcase classname="StandAlone.Word_File_Full_RegressionTest" name="delete_Anotation_On_word" time="1.399">
    <error message="stale element reference: element is not attached to the page document
  (Session info: chrome=86.0.4240.183)
For documentation on this error, please visit: https://www.seleniumhq.org/exceptions/stale_element_reference.html
Build info: version: &#039;3.141.59&#039;, revision: &#039;e82be7d358&#039;, time: &#039;2018-11-14T08:17:03&#039;
System info: host: &#039;RAJENGUI&#039;, ip: &#039;192.168.93.1&#039;, os.name: &#039;Windows 10&#039;, os.arch: &#039;amd64&#039;, os.version: &#039;10.0&#039;, java.version: &#039;14.0.2&#039;
Driver info: org.openqa.selenium.chrome.ChromeDriver
Capabilities {acceptInsecureCerts: false, browserName: chrome, browserVersion: 86.0.4240.183, chrome: {chromedriverVersion: 85.0.4183.87 (cd6713ebf92fa..., userDataDir: C:\Users\DELL\AppData\Local...}, goog:chromeOptions: {debuggerAddress: localhost:58457}, javascriptEnabled: true, networkConnectionEnabled: false, pageLoadStrategy: normal, platform: WINDOWS, platformName: WINDOWS, proxy: Proxy(), setWindowRect: true, strictFileInteractability: false, timeouts: {implicit: 0, pageLoad: 300000, script: 30000}, unhandledPromptBehavior: dismiss and notify, webauthn:virtualAuthenticators: true}
Session ID: b280353a094b875b3332511c0d703121" type="org.openqa.selenium.StaleElementReferenceException">
      <![CDATA[org.openqa.selenium.StaleElementReferenceException: stale element reference: element is not attached to the page document
  (Session info: chrome=86.0.4240.183)
For documentation on this error, please visit: https://www.seleniumhq.org/exceptions/stale_element_reference.html
Build info: version: '3.141.59', revision: 'e82be7d358', time: '2018-11-14T08:17:03'
System info: host: 'RAJENGUI', ip: '192.168.93.1', os.name: 'Windows 10', os.arch: 'amd64', os.version: '10.0', java.version: '14.0.2'
Driver info: org.openqa.selenium.chrome.ChromeDriver
Capabilities {acceptInsecureCerts: false, browserName: chrome, browserVersion: 86.0.4240.183, chrome: {chromedriverVersion: 85.0.4183.87 (cd6713ebf92fa..., userDataDir: C:\Users\DELL\AppData\Local...}, goog:chromeOptions: {debuggerAddress: localhost:58457}, javascriptEnabled: true, networkConnectionEnabled: false, pageLoadStrategy: normal, platform: WINDOWS, platformName: WINDOWS, proxy: Proxy(), setWindowRect: true, strictFileInteractability: false, timeouts: {implicit: 0, pageLoad: 300000, script: 30000}, unhandledPromptBehavior: dismiss and notify, webauthn:virtualAuthenticators: true}
Session ID: b280353a094b875b3332511c0d703121
at java.base/jdk.internal.reflect.NativeConstructorAccessorImpl.newInstance0(Native Method)
at java.base/jdk.internal.reflect.NativeConstructorAccessorImpl.newInstance(NativeConstructorAccessorImpl.java:62)
at java.base/jdk.internal.reflect.DelegatingConstructorAccessorImpl.newInstance(DelegatingConstructorAccessorImpl.java:45)
at java.base/java.lang.reflect.Constructor.newInstanceWithCaller(Constructor.java:500)
at java.base/java.lang.reflect.Constructor.newInstance(Constructor.java:481)
at org.openqa.selenium.remote.http.W3CHttpResponseCodec.createException(W3CHttpResponseCodec.java:187)
at org.openqa.selenium.remote.http.W3CHttpResponseCodec.decode(W3CHttpResponseCodec.java:122)
at org.openqa.selenium.remote.http.W3CHttpResponseCodec.decode(W3CHttpResponseCodec.java:49)
at org.openqa.selenium.remote.HttpCommandExecutor.execute(HttpCommandExecutor.java:158)
at org.openqa.selenium.remote.service.DriverCommandExecutor.execute(DriverCommandExecutor.java:83)
at org.openqa.selenium.remote.RemoteWebDriver.execute(RemoteWebDriver.java:552)
at org.openqa.selenium.remote.RemoteWebElement.execute(RemoteWebElement.java:285)
at org.openqa.selenium.remote.RemoteWebElement.click(RemoteWebElement.java:84)
at jdk.internal.reflect.GeneratedMethodAccessor9.invoke(Unknown Source)
at java.base/jdk.internal.reflect.DelegatingMethodAccessorImpl.invoke(DelegatingMethodAccessorImpl.java:43)
at java.base/java.lang.reflect.Method.invoke(Method.java:564)
at org.openqa.selenium.support.events.EventFiringWebDriver$EventFiringWebElement.lambda$new$0(EventFiringWebDriver.java:404)
at com.sun.proxy.$Proxy15.click(Unknown Source)
at org.openqa.selenium.support.events.EventFiringWebDriver$EventFiringWebElement.click(EventFiringWebDriver.java:417)
at annotationHandler.annotationdrawBase.doDraw(annotationdrawBase.java:50)
at annotationHandler.StickyNoteAnnotationHandler.drowNote(StickyNoteAnnotationHandler.java:23)
at StandAlone.Word_File_Full_RegressionTest.delete_Anotation_On_word(Word_File_Full_RegressionTest.java:207)
at java.base/jdk.internal.reflect.NativeMethodAccessorImpl.invoke0(Native Method)
at java.base/jdk.internal.reflect.NativeMethodAccessorImpl.invoke(NativeMethodAccessorImpl.java:62)
at java.base/jdk.internal.reflect.DelegatingMethodAccessorImpl.invoke(DelegatingMethodAccessorImpl.java:43)
at java.base/java.lang.reflect.Method.invoke(Method.java:564)
at org.testng.internal.MethodInvocationHelper.invokeMethod(MethodInvocationHelper.java:132)
at org.testng.internal.TestInvoker.invokeMethod(TestInvoker.java:599)
at org.testng.internal.TestInvoker.invokeTestMethod(TestInvoker.java:174)
at org.testng.internal.MethodRunner.runInSequence(MethodRunner.java:46)
at org.testng.internal.TestInvoker$MethodInvocationAgent.invoke(TestInvoker.java:822)
at org.testng.internal.TestInvoker.invokeTestMethods(TestInvoker.java:147)
at org.testng.internal.TestMethodWorker.invokeTestMethods(TestMethodWorker.java:146)
at org.testng.internal.TestMethodWorker.run(TestMethodWorker.java:128)
at java.base/java.util.ArrayList.forEach(ArrayList.java:1511)
at org.testng.TestRunner.privateRun(TestRunner.java:764)
at org.testng.TestRunner.run(TestRunner.java:585)
at org.testng.SuiteRunner.runTest(SuiteRunner.java:384)
at org.testng.SuiteRunner.runSequentially(SuiteRunner.java:378)
at org.testng.SuiteRunner.privateRun(SuiteRunner.java:337)
at org.testng.SuiteRunner.run(SuiteRunner.java:286)
at org.testng.SuiteRunnerWorker.runSuite(SuiteRunnerWorker.java:53)
at org.testng.SuiteRunnerWorker.run(SuiteRunnerWorker.java:96)
at org.testng.TestNG.runSuitesSequentially(TestNG.java:1218)
at org.testng.TestNG.runSuitesLocally(TestNG.java:1140)
at org.testng.TestNG.runSuites(TestNG.java:1069)
at org.testng.TestNG.run(TestNG.java:1037)
at org.testng.remote.AbstractRemoteTestNG.run(AbstractRemoteTestNG.java:115)
at org.testng.remote.RemoteTestNG.initAndRun(RemoteTestNG.java:251)
at org.testng.remote.RemoteTestNG.main(RemoteTestNG.java:77)
]]>
    </error>
  </testcase> <!-- delete_Anotation_On_word -->
  <system-out/>
  <testcase classname="StandAlone.Word_File_Full_RegressionTest" name="Refresh_After_Delete_Anotation_On_word" time="0.364">
    <skipped/>
  </testcase> <!-- Refresh_After_Delete_Anotation_On_word -->
  <system-out/>
  <testcase classname="StandAlone.Word_File_Full_RegressionTest" name="SAVE_DATA_ON_word" time="20.400"/>
  <system-out/>
  <testcase classname="StandAlone.Word_File_Full_RegressionTest" name="Refresh_After_Save_Anotation_On_word" time="20.547"/>
  <system-out/>
  <testcase classname="StandAlone.Word_File_Full_RegressionTest" name="Add_a_Signet_On_word" time="4.495"/>
  <system-out/>
  <testcase classname="StandAlone.Word_File_Full_RegressionTest" name="Delete_a_Signet_On_word" time="4.230"/>
  <system-out/>
  <testcase classname="StandAlone.Word_File_Full_RegressionTest" name="ADD_AN_ANCRE_On_word" time="21.559"/>
  <system-out/>
  <testcase classname="StandAlone.Word_File_Full_RegressionTest" name="SKIP_AN_ANCRE_On_word" time="21.500"/>
  <system-out/>
  <testcase classname="StandAlone.Word_File_Full_RegressionTest" name="ZoomIn_On_word" time="1.077"/>
  <system-out/>
  <testcase classname="StandAlone.Word_File_Full_RegressionTest" name="ZoomOut_On_word" time="0.760"/>
  <system-out/>
  <testcase classname="StandAlone.Word_File_Full_RegressionTest" name="ZoomInZone_On_word" time="0.910"/>
  <system-out/>
  <testcase classname="StandAlone.Word_File_Full_RegressionTest" name="Zoom_Adjust_On_word" time="0.798"/>
  <system-out/>
  <testcase classname="StandAlone.Word_File_Full_RegressionTest" name="Zoom_Text_Box_Control_On_word" time="2.668"/>
  <system-out/>
  <testcase classname="StandAlone.Word_File_Full_RegressionTest" name="Left_Rotation_Control_On_word" time="0.293"/>
  <system-out/>
  <testcase classname="StandAlone.Word_File_Full_RegressionTest" name="Right_Rotation_Control_On_word" time="0.281"/>
  <system-out/>
  <testcase classname="StandAlone.Word_File_Full_RegressionTest" name="Activate_Multiview_On_word" time="1.400"/>
  <system-out/>
  <testcase classname="StandAlone.Word_File_Full_RegressionTest" name="Desactivate_Multiview_On_word" time="0.000">
    <skipped/>
  </testcase> <!-- Desactivate_Multiview_On_word -->
  <system-out/>
  <testcase classname="StandAlone.Word_File_Full_RegressionTest" name="Multi_Multiview_On_word" time="0.000">
    <skipped/>
  </testcase> <!-- Multi_Multiview_On_word -->
  <system-out/>
</testsuite> <!-- StandAlone.Word_File_Full_RegressionTest -->
