<?xml version="1.0" encoding="UTF-8"?>
<!-- Generated by org.testng.reporters.JUnitReportReporter -->
<testsuite hostname="RAJENGUI" failures="0" tests="32" name="StandAlone.Word_File_Full_RegressionTest" time="178.999" errors="0" timestamp="2020-11-05T11:53:26 WAT" skipped="0">
  <testcase classname="StandAlone.Word_File_Full_RegressionTest" name="Upload_word_File" time="5.775"/>
  <system-out/>
  <testcase classname="StandAlone.Word_File_Full_RegressionTest" name="Handle_StickyNote_On_word" time="2.929"/>
  <system-out/>
  <testcase classname="StandAlone.Word_File_Full_RegressionTest" name="Handle_FreeText_On_word" time="2.385"/>
  <system-out/>
  <testcase classname="StandAlone.Word_File_Full_RegressionTest" name="Handle_Circle___On_word" time="4.426"/>
  <system-out/>
  <testcase classname="StandAlone.Word_File_Full_RegressionTest" name="Handle_Arrow_On_word" time="16.404"/>
  <system-out/>
  <testcase classname="StandAlone.Word_File_Full_RegressionTest" name="Handle_Underline_On_word" time="4.479"/>
  <system-out/>
  <testcase classname="StandAlone.Word_File_Full_RegressionTest" name="Handle_freeHand_On_word" time="1.981"/>
  <system-out/>
  <testcase classname="StandAlone.Word_File_Full_RegressionTest" name="Handle_polyline_On_word" time="4.505"/>
  <system-out/>
  <testcase classname="StandAlone.Word_File_Full_RegressionTest" name="Handel_Polygone_On_word" time="4.403"/>
  <system-out/>
  <testcase classname="StandAlone.Word_File_Full_RegressionTest" name="Urgent_Stamp_On_word" time="2.652"/>
  <system-out/>
  <testcase classname="StandAlone.Word_File_Full_RegressionTest" name="Approved_Stamp_On_word" time="2.329"/>
  <system-out/>
  <testcase classname="StandAlone.Word_File_Full_RegressionTest" name="Draft_Stamp_On_word" time="2.803"/>
  <system-out/>
  <testcase classname="StandAlone.Word_File_Full_RegressionTest" name="Signature_Stamp_On_word" time="2.763"/>
  <system-out/>
  <testcase classname="StandAlone.Word_File_Full_RegressionTest" name="Free_Stamp_On_word" time="2.995"/>
  <system-out/>
  <testcase classname="StandAlone.Word_File_Full_RegressionTest" name="delete_Anotation_On_word" time="1.806"/>
  <system-out/>
  <testcase classname="StandAlone.Word_File_Full_RegressionTest" name="Refresh_After_Delete_Anotation_On_word" time="20.682"/>
  <system-out/>
  <testcase classname="StandAlone.Word_File_Full_RegressionTest" name="SAVE_DATA_ON_word" time="6.570"/>
  <system-out/>
  <testcase classname="StandAlone.Word_File_Full_RegressionTest" name="Refresh_After_Save_Anotation_On_word" time="0.464"/>
  <system-out/>
  <testcase classname="StandAlone.Word_File_Full_RegressionTest" name="Add_a_Signet_On_word" time="4.809"/>
  <system-out/>
  <testcase classname="StandAlone.Word_File_Full_RegressionTest" name="Delete_a_Signet_On_word" time="4.284"/>
  <system-out/>
  <testcase classname="StandAlone.Word_File_Full_RegressionTest" name="ADD_AN_ANCRE_On_word" time="21.587"/>
  <system-out/>
  <testcase classname="StandAlone.Word_File_Full_RegressionTest" name="SKIP_AN_ANCRE_On_word" time="21.420"/>
  <system-out/>
  <testcase classname="StandAlone.Word_File_Full_RegressionTest" name="ZoomIn_On_word" time="1.127"/>
  <system-out/>
  <testcase classname="StandAlone.Word_File_Full_RegressionTest" name="ZoomOut_On_word" time="0.726"/>
  <system-out/>
  <testcase classname="StandAlone.Word_File_Full_RegressionTest" name="ZoomInZone_On_word" time="0.895"/>
  <system-out/>
  <testcase classname="StandAlone.Word_File_Full_RegressionTest" name="Zoom_Adjust_On_word" time="0.707"/>
  <system-out/>
  <testcase classname="StandAlone.Word_File_Full_RegressionTest" name="Zoom_Text_Box_Control_On_word" time="2.697"/>
  <system-out/>
  <testcase classname="StandAlone.Word_File_Full_RegressionTest" name="Left_Rotation_Control_On_word" time="0.652"/>
  <system-out/>
  <testcase classname="StandAlone.Word_File_Full_RegressionTest" name="Right_Rotation_Control_On_word" time="0.707"/>
  <system-out/>
  <testcase classname="StandAlone.Word_File_Full_RegressionTest" name="Activate_Multiview_On_word" time="1.213"/>
  <system-out/>
  <testcase classname="StandAlone.Word_File_Full_RegressionTest" name="Desactivate_Multiview_On_word" time="20.546"/>
  <system-out/>
  <testcase classname="StandAlone.Word_File_Full_RegressionTest" name="Multi_Multiview_On_word" time="7.278"/>
  <system-out/>
</testsuite> <!-- StandAlone.Word_File_Full_RegressionTest -->
