<?xml version="1.0" encoding="UTF-8"?>
<!-- Generated by org.testng.reporters.JUnitReportReporter -->
<testsuite skipped="0" hostname="Hichem" name="StandAlone.Pdf_File___Full_RegressionTest" tests="22" failures="0" timestamp="2020-10-28T14:53:27 WAT" time="187.137" errors="0">
  <testcase name="Upload_PDF_File" time="4.879" classname="StandAlone.Pdf_File___Full_RegressionTest"/>
  <system-out/>
  <testcase name="Handle_StickyNote_On_PDF" time="3.487" classname="StandAlone.Pdf_File___Full_RegressionTest"/>
  <system-out/>
  <testcase name="Handle_FreeText_On_PDF" time="2.773" classname="StandAlone.Pdf_File___Full_RegressionTest"/>
  <system-out/>
  <testcase name="Handle_Circle___On_PDF" time="5.108" classname="StandAlone.Pdf_File___Full_RegressionTest"/>
  <system-out/>
  <testcase name="Handle_Arrow_On_PDF" time="20.455" classname="StandAlone.Pdf_File___Full_RegressionTest"/>
  <system-out/>
  <testcase name="Handle_Underline_On_PDF" time="5.151" classname="StandAlone.Pdf_File___Full_RegressionTest"/>
  <system-out/>
  <testcase name="Handle_freeHand_On_PDF" time="2.549" classname="StandAlone.Pdf_File___Full_RegressionTest"/>
  <system-out/>
  <testcase name="Handle_polyline_On_PDF" time="5.083" classname="StandAlone.Pdf_File___Full_RegressionTest"/>
  <system-out/>
  <testcase name="Handel_Polygone_On_PDF" time="5.163" classname="StandAlone.Pdf_File___Full_RegressionTest"/>
  <system-out/>
  <testcase name="Urgent_Stamp_On_PDF" time="3.240" classname="StandAlone.Pdf_File___Full_RegressionTest"/>
  <system-out/>
  <testcase name="Approved_Stamp_On_PDF" time="2.601" classname="StandAlone.Pdf_File___Full_RegressionTest"/>
  <system-out/>
  <testcase name="Draft_Stamp_On_PDF" time="3.204" classname="StandAlone.Pdf_File___Full_RegressionTest"/>
  <system-out/>
  <testcase name="Signature_Stamp_On_PDF" time="3.061" classname="StandAlone.Pdf_File___Full_RegressionTest"/>
  <system-out/>
  <testcase name="Free_Stamp_On_PDF" time="3.550" classname="StandAlone.Pdf_File___Full_RegressionTest"/>
  <system-out/>
  <testcase name="delete_Anotation_On_PDF" time="2.633" classname="StandAlone.Pdf_File___Full_RegressionTest"/>
  <system-out/>
  <testcase name="Refresh_After_Delete_Anotation_On_PDF" time="20.301" classname="StandAlone.Pdf_File___Full_RegressionTest"/>
  <system-out/>
  <testcase name="SAVE_DATA_ON_PDF" time="1.350" classname="StandAlone.Pdf_File___Full_RegressionTest"/>
  <system-out/>
  <testcase name="Refresh_After_Save_Anotation_On_PDF" time="0.166" classname="StandAlone.Pdf_File___Full_RegressionTest"/>
  <system-out/>
  <testcase name="Add_a_Signet_On_PDF" time="4.847" classname="StandAlone.Pdf_File___Full_RegressionTest"/>
  <system-out/>
  <testcase name="Delete_a_Signet_On_PDF" time="4.358" classname="StandAlone.Pdf_File___Full_RegressionTest"/>
  <system-out/>
  <testcase name="ADD_AN_ANCRE_On_PDF" time="41.637" classname="StandAlone.Pdf_File___Full_RegressionTest"/>
  <system-out/>
  <testcase name="SKIP_AN_ANCRE_On_PDF" time="41.541" classname="StandAlone.Pdf_File___Full_RegressionTest"/>
  <system-out/>
</testsuite> <!-- StandAlone.Pdf_File___Full_RegressionTest -->
