<?xml version="1.0" encoding="UTF-8"?>
<!-- Generated by org.testng.reporters.JUnitReportReporter -->
<testsuite skipped="0" hostname="Hichem" name="StandAlone.Tiff_File___Full_RegressionTest" tests="32" failures="0" timestamp="2020-11-02T11:54:09 WAT" time="179.561" errors="0">
  <testcase name="Upload_tiff_File" time="11.141" classname="StandAlone.Tiff_File___Full_RegressionTest"/>
  <system-out/>
  <testcase name="Handle_StickyNote_On_tiff" time="3.961" classname="StandAlone.Tiff_File___Full_RegressionTest"/>
  <system-out/>
  <testcase name="Handle_FreeText_On_tiff" time="3.425" classname="StandAlone.Tiff_File___Full_RegressionTest"/>
  <system-out/>
  <testcase name="Handle_Circle___On_tiff" time="5.675" classname="StandAlone.Tiff_File___Full_RegressionTest"/>
  <system-out/>
  <testcase name="Handle_Arrow_On_tiff" time="23.580" classname="StandAlone.Tiff_File___Full_RegressionTest"/>
  <system-out/>
  <testcase name="Handle_Underline_On_tiff" time="5.730" classname="StandAlone.Tiff_File___Full_RegressionTest"/>
  <system-out/>
  <testcase name="Handle_freeHand_On_tiff" time="3.126" classname="StandAlone.Tiff_File___Full_RegressionTest"/>
  <system-out/>
  <testcase name="Handle_polyline_On_tiff" time="5.566" classname="StandAlone.Tiff_File___Full_RegressionTest"/>
  <system-out/>
  <testcase name="Handel_Polygone_On_tiff" time="5.596" classname="StandAlone.Tiff_File___Full_RegressionTest"/>
  <system-out/>
  <testcase name="Urgent_Stamp_On_tiff" time="3.610" classname="StandAlone.Tiff_File___Full_RegressionTest"/>
  <system-out/>
  <testcase name="Approved_Stamp_On_tiff" time="2.771" classname="StandAlone.Tiff_File___Full_RegressionTest"/>
  <system-out/>
  <testcase name="Draft_Stamp_On_tiff" time="3.589" classname="StandAlone.Tiff_File___Full_RegressionTest"/>
  <system-out/>
  <testcase name="Signature_Stamp_On_tiff" time="3.545" classname="StandAlone.Tiff_File___Full_RegressionTest"/>
  <system-out/>
  <testcase name="Free_Stamp_On_tiff" time="4.043" classname="StandAlone.Tiff_File___Full_RegressionTest"/>
  <system-out/>
  <testcase name="delete_Anotation_On_tiff" time="2.790" classname="StandAlone.Tiff_File___Full_RegressionTest"/>
  <system-out/>
  <testcase name="Refresh_After_Delete_Anotation_On_tiff" time="20.330" classname="StandAlone.Tiff_File___Full_RegressionTest"/>
  <system-out/>
  <testcase name="SAVE_DATA_ON_tiff" time="1.604" classname="StandAlone.Tiff_File___Full_RegressionTest"/>
  <system-out/>
  <testcase name="Refresh_After_Save_Anotation_On_tiff" time="0.230" classname="StandAlone.Tiff_File___Full_RegressionTest"/>
  <system-out/>
  <testcase name="Add_a_Signet_On_tiff" time="5.426" classname="StandAlone.Tiff_File___Full_RegressionTest"/>
  <system-out/>
  <testcase name="Delete_a_Signet_On_tiff" time="4.677" classname="StandAlone.Tiff_File___Full_RegressionTest"/>
  <system-out/>
  <testcase name="ADD_AN_ANCRE_On_tiff" time="21.778" classname="StandAlone.Tiff_File___Full_RegressionTest"/>
  <system-out/>
  <testcase name="SKIP_AN_ANCRE_On_tiff" time="21.390" classname="StandAlone.Tiff_File___Full_RegressionTest"/>
  <system-out/>
  <testcase name="ZoomIn_On_tiff" time="1.529" classname="StandAlone.Tiff_File___Full_RegressionTest"/>
  <system-out/>
  <testcase name="ZoomOut_On_tiff" time="0.864" classname="StandAlone.Tiff_File___Full_RegressionTest"/>
  <system-out/>
  <testcase name="ZoomInZone_On_tiff" time="0.735" classname="StandAlone.Tiff_File___Full_RegressionTest"/>
  <system-out/>
  <testcase name="Zoom_Adjust_On_tiff" time="0.839" classname="StandAlone.Tiff_File___Full_RegressionTest"/>
  <system-out/>
  <testcase name="Zoom_Text_Box_Control_On_tiff" time="2.567" classname="StandAlone.Tiff_File___Full_RegressionTest"/>
  <system-out/>
  <testcase name="Left_Rotation_Control_On_tiff" time="0.647" classname="StandAlone.Tiff_File___Full_RegressionTest"/>
  <system-out/>
  <testcase name="Right_Rotation_Control_On_tiff" time="0.612" classname="StandAlone.Tiff_File___Full_RegressionTest"/>
  <system-out/>
  <testcase name="Activate_Multiview_On_tiff" time="0.645" classname="StandAlone.Tiff_File___Full_RegressionTest"/>
  <system-out/>
  <testcase name="Desactivate_Multiview_On_tiff" time="0.065" classname="StandAlone.Tiff_File___Full_RegressionTest"/>
  <system-out/>
  <testcase name="Multi_Multiview_On_tiff" time="7.475" classname="StandAlone.Tiff_File___Full_RegressionTest"/>
  <system-out/>
</testsuite> <!-- StandAlone.Tiff_File___Full_RegressionTest -->
